-------------------------------------------------------------------------------
Test set: TestSuite
-------------------------------------------------------------------------------
Tests run: 30, Failures: 11, Errors: 0, Skipped: 0, Time elapsed: 83.833 s <<< FAILURE! - in TestSuite
LoginValidationWithExcelData(com.app.theInternetHerokuapp.tests.LoginPage.TestLoginValidationWithExcelData)  Time elapsed: 1.589 s  <<< FAILURE!
java.lang.IndexOutOfBoundsException: Index 2 out of bounds for length 2
	at com.app.theInternetHerokuapp.tests.LoginPage.TestLoginValidationWithExcelData.LoginValidationWithExcelData(TestLoginValidationWithExcelData.java:26)

dpLoginValidation(com.app.theInternetHerokuapp.tests.LoginPage.TestDpLoginValidation)  Time elapsed: 0.989 s  <<< FAILURE!
java.lang.AssertionError: null
	at com.app.theInternetHerokuapp.tests.LoginPage.TestDpLoginValidation.dpLoginValidation(TestDpLoginValidation.java:44)

dpLoginValidation(com.app.theInternetHerokuapp.tests.LoginPage.TestDpLoginValidation)  Time elapsed: 0.968 s  <<< FAILURE!
java.lang.AssertionError: null
	at com.app.theInternetHerokuapp.tests.LoginPage.TestDpLoginValidation.dpLoginValidation(TestDpLoginValidation.java:44)

dpLoginValidation(com.app.theInternetHerokuapp.tests.LoginPage.TestDpLoginValidation)  Time elapsed: 0.168 s  <<< FAILURE!
java.lang.AssertionError: null
	at com.app.theInternetHerokuapp.tests.LoginPage.TestDpLoginValidation.dpLoginValidation(TestDpLoginValidation.java:44)

dpLoginValidation(com.app.theInternetHerokuapp.tests.LoginPage.TestDpLoginValidation)  Time elapsed: 0.978 s  <<< FAILURE!
java.lang.AssertionError: null
	at com.app.theInternetHerokuapp.tests.LoginPage.TestDpLoginValidation.dpLoginValidation(TestDpLoginValidation.java:44)

dpLoginValidation(com.app.theInternetHerokuapp.tests.LoginPage.TestDpLoginValidation)  Time elapsed: 0.963 s  <<< FAILURE!
java.lang.AssertionError: null
	at com.app.theInternetHerokuapp.tests.LoginPage.TestDpLoginValidation.dpLoginValidation(TestDpLoginValidation.java:44)

contextMenu(com.app.theInternetHerokuapp.tests.TestContextMenu)  Time elapsed: 0.35 s  <<< FAILURE!
org.openqa.selenium.json.JsonException: 
java.lang.reflect.InvocationTargetException
Build info: version: '4.8.3', revision: 'e5e76298c3'
System info: os.name: 'Windows 10', os.arch: 'amd64', os.version: '10.0', java.version: '17.0.2'
Driver info: org.openqa.selenium.chrome.ChromeDriver
Command: [921e03dbc8b807e45d3ea91bb42b614e, actions {actions=[org.openqa.selenium.interactions.Sequence@753df85]}]
Capabilities {acceptInsecureCerts: false, browserName: chrome, browserVersion: 112.0.5615.138, chrome: {chromedriverVersion: 112.0.5615.49 (bd2a7bcb881c..., userDataDir: C:\Users\abzam\AppData\Loca...}, goog:chromeOptions: {debuggerAddress: localhost:57149}, networkConnectionEnabled: false, pageLoadStrategy: normal, platformName: WINDOWS, proxy: Proxy(), se:cdp: ws://localhost:57149/devtoo..., se:cdpVersion: 112.0.5615.138, setWindowRect: true, strictFileInteractability: false, timeouts: {implicit: 0, pageLoad: 300000, script: 30000}, unhandledPromptBehavior: dismiss and notify, webauthn:extension:credBlob: true, webauthn:extension:largeBlob: true, webauthn:extension:minPinLength: true, webauthn:extension:prf: true, webauthn:virtualAuthenticators: true}
Session ID: 921e03dbc8b807e45d3ea91bb42b614e
	at com.app.theInternetHerokuapp.tests.TestContextMenu.contextMenu(TestContextMenu.java:18)
Caused by: java.lang.reflect.InvocationTargetException
	at com.app.theInternetHerokuapp.tests.TestContextMenu.contextMenu(TestContextMenu.java:18)
Caused by: org.openqa.selenium.NoSuchElementException: 
no such element: Unable to locate element: {"method":"css selector","selector":"[oncontextmenu]"}
  (Session info: chrome=112.0.5615.138)
For documentation on this error, please visit: https://selenium.dev/exceptions/#no_such_element
Build info: version: '4.8.3', revision: 'e5e76298c3'
System info: os.name: 'Windows 10', os.arch: 'amd64', os.version: '10.0', java.version: '17.0.2'
Driver info: org.openqa.selenium.chrome.ChromeDriver
Command: [921e03dbc8b807e45d3ea91bb42b614e, findElement {using=css selector, value=[oncontextmenu]}]
Capabilities {acceptInsecureCerts: false, browserName: chrome, browserVersion: 112.0.5615.138, chrome: {chromedriverVersion: 112.0.5615.49 (bd2a7bcb881c..., userDataDir: C:\Users\abzam\AppData\Loca...}, goog:chromeOptions: {debuggerAddress: localhost:57149}, networkConnectionEnabled: false, pageLoadStrategy: normal, platformName: WINDOWS, proxy: Proxy(), se:cdp: ws://localhost:57149/devtoo..., se:cdpVersion: 112.0.5615.138, setWindowRect: true, strictFileInteractability: false, timeouts: {implicit: 0, pageLoad: 300000, script: 30000}, unhandledPromptBehavior: dismiss and notify, webauthn:extension:credBlob: true, webauthn:extension:largeBlob: true, webauthn:extension:minPinLength: true, webauthn:extension:prf: true, webauthn:virtualAuthenticators: true}
Session ID: 921e03dbc8b807e45d3ea91bb42b614e
	at com.app.theInternetHerokuapp.tests.TestContextMenu.contextMenu(TestContextMenu.java:18)

geoLocation(com.app.theInternetHerokuapp.tests.TestGeoLocation)  Time elapsed: 1.272 s  <<< FAILURE!
org.openqa.selenium.NoAlertPresentException: 
no such alert
  (Session info: chrome=112.0.5615.138)
Build info: version: '4.8.3', revision: 'e5e76298c3'
System info: os.name: 'Windows 10', os.arch: 'amd64', os.version: '10.0', java.version: '17.0.2'
Driver info: org.openqa.selenium.chrome.ChromeDriver
Command: [d1201377fb4ab4fdd67ccf0ab969997b, getAlertText {}]
Capabilities {acceptInsecureCerts: false, browserName: chrome, browserVersion: 112.0.5615.138, chrome: {chromedriverVersion: 112.0.5615.49 (bd2a7bcb881c..., userDataDir: C:\Users\abzam\AppData\Loca...}, goog:chromeOptions: {debuggerAddress: localhost:57689}, networkConnectionEnabled: false, pageLoadStrategy: normal, platformName: WINDOWS, proxy: Proxy(), se:cdp: ws://localhost:57689/devtoo..., se:cdpVersion: 112.0.5615.138, setWindowRect: true, strictFileInteractability: false, timeouts: {implicit: 0, pageLoad: 300000, script: 30000}, unhandledPromptBehavior: dismiss and notify, webauthn:extension:credBlob: true, webauthn:extension:largeBlob: true, webauthn:extension:minPinLength: true, webauthn:extension:prf: true, webauthn:virtualAuthenticators: true}
Session ID: d1201377fb4ab4fdd67ccf0ab969997b
	at com.app.theInternetHerokuapp.tests.TestGeoLocation.geoLocation(TestGeoLocation.java:25)

exitIntent(com.app.theInternetHerokuapp.tests.TestExitIntent)  Time elapsed: 3.267 s  <<< FAILURE!
org.openqa.selenium.TimeoutException: 
Expected condition failed: waiting for visibility of [[ChromeDriver: chrome on WINDOWS (b2d2c5e1a09699a7ae2145a84a98c38b)] -> css selector: div#ouibounce-modal] (tried for 10 second(s) with 500 milliseconds interval)
Build info: version: '4.8.3', revision: 'e5e76298c3'
System info: os.name: 'Windows 10', os.arch: 'amd64', os.version: '10.0', java.version: '17.0.2'
Driver info: driver.version: unknown
	at com.app.theInternetHerokuapp.tests.TestExitIntent.exitIntent(TestExitIntent.java:33)

fileUploaderMethodOne(com.app.theInternetHerokuapp.tests.TestFileUploader)  Time elapsed: 1.27 s  <<< FAILURE!
org.openqa.selenium.NoSuchElementException: 
no such element: Unable to locate element: {"method":"css selector","selector":"h3"}
  (Session info: chrome=112.0.5615.138)
For documentation on this error, please visit: https://selenium.dev/exceptions/#no_such_element
Build info: version: '4.8.3', revision: 'e5e76298c3'
System info: os.name: 'Windows 10', os.arch: 'amd64', os.version: '10.0', java.version: '17.0.2'
Driver info: org.openqa.selenium.chrome.ChromeDriver
Command: [ba76cb562e565b3329315c31847c84ce, findElement {using=css selector, value=h3}]
Capabilities {acceptInsecureCerts: false, browserName: chrome, browserVersion: 112.0.5615.138, chrome: {chromedriverVersion: 112.0.5615.49 (bd2a7bcb881c..., userDataDir: C:\Users\abzam\AppData\Loca...}, goog:chromeOptions: {debuggerAddress: localhost:57839}, networkConnectionEnabled: false, pageLoadStrategy: normal, platformName: WINDOWS, proxy: Proxy(), se:cdp: ws://localhost:57839/devtoo..., se:cdpVersion: 112.0.5615.138, setWindowRect: true, strictFileInteractability: false, timeouts: {implicit: 0, pageLoad: 300000, script: 30000}, unhandledPromptBehavior: dismiss and notify, webauthn:extension:credBlob: true, webauthn:extension:largeBlob: true, webauthn:extension:minPinLength: true, webauthn:extension:prf: true, webauthn:virtualAuthenticators: true}
Session ID: ba76cb562e565b3329315c31847c84ce
	at com.app.theInternetHerokuapp.tests.TestFileUploader.fileUploaderMethodOne(TestFileUploader.java:39)

fileUploaderMethodTwo(com.app.theInternetHerokuapp.tests.TestFileUploader)  Time elapsed: 5.215 s  <<< FAILURE!
org.openqa.selenium.NoSuchElementException: 
no such element: Unable to locate element: {"method":"css selector","selector":"h3"}
  (Session info: chrome=112.0.5615.138)
For documentation on this error, please visit: https://selenium.dev/exceptions/#no_such_element
Build info: version: '4.8.3', revision: 'e5e76298c3'
System info: os.name: 'Windows 10', os.arch: 'amd64', os.version: '10.0', java.version: '17.0.2'
Driver info: org.openqa.selenium.chrome.ChromeDriver
Command: [ba76cb562e565b3329315c31847c84ce, findElement {using=css selector, value=h3}]
Capabilities {acceptInsecureCerts: false, browserName: chrome, browserVersion: 112.0.5615.138, chrome: {chromedriverVersion: 112.0.5615.49 (bd2a7bcb881c..., userDataDir: C:\Users\abzam\AppData\Loca...}, goog:chromeOptions: {debuggerAddress: localhost:57839}, networkConnectionEnabled: false, pageLoadStrategy: normal, platformName: WINDOWS, proxy: Proxy(), se:cdp: ws://localhost:57839/devtoo..., se:cdpVersion: 112.0.5615.138, setWindowRect: true, strictFileInteractability: false, timeouts: {implicit: 0, pageLoad: 300000, script: 30000}, unhandledPromptBehavior: dismiss and notify, webauthn:extension:credBlob: true, webauthn:extension:largeBlob: true, webauthn:extension:minPinLength: true, webauthn:extension:prf: true, webauthn:virtualAuthenticators: true}
Session ID: ba76cb562e565b3329315c31847c84ce
	at com.app.theInternetHerokuapp.tests.TestFileUploader.fileUploaderMethodTwo(TestFileUploader.java:59)

