<?xml version="1.0" encoding="UTF-8"?>
<testng-results ignored="0" total="30" passed="19" failed="11" skipped="0">
  <reporter-output>
  </reporter-output>
  <suite started-at="2023-05-06T11:19:02 BDT" name="All Test Suite" finished-at="2023-05-06T11:20:24 BDT" duration-ms="82766">
    <groups>
    </groups>
    <test started-at="2023-05-06T11:19:02 BDT" name="D:/SQA/practices/students2023/zaman/Java/theInternetHerokuap" finished-at="2023-05-06T11:20:24 BDT" duration-ms="82766">
      <class name="com.app.theInternetHerokuapp.tests.TestDynamicControls">
        <test-method is-config="true" signature="beforeClass()[pri:0, instance:com.app.theInternetHerokuapp.tests.TestDynamicControls@76911385]" started-at="2023-05-06T11:19:32 BDT" name="beforeClass" finished-at="2023-05-06T11:19:33 BDT" duration-ms="826" status="PASS">
          <reporter-output>
          </reporter-output>
        </test-method> <!-- beforeClass -->
        <test-method is-config="true" signature="beforeMethod()[pri:0, instance:com.app.theInternetHerokuapp.tests.TestDynamicControls@76911385]" started-at="2023-05-06T11:19:33 BDT" name="beforeMethod" finished-at="2023-05-06T11:19:38 BDT" duration-ms="4253" status="PASS">
          <reporter-output>
          </reporter-output>
        </test-method> <!-- beforeMethod -->
        <test-method signature="testDynamicContent()[pri:0, instance:com.app.theInternetHerokuapp.tests.TestDynamicControls@76911385]" started-at="2023-05-06T11:19:38 BDT" name="testDynamicContent" finished-at="2023-05-06T11:19:51 BDT" duration-ms="13226" status="PASS">
          <reporter-output>
          </reporter-output>
        </test-method> <!-- testDynamicContent -->
        <test-method is-config="true" signature="afterTest()[pri:0, instance:com.app.theInternetHerokuapp.tests.TestDynamicControls@76911385]" started-at="2023-05-06T11:19:51 BDT" name="afterTest" finished-at="2023-05-06T11:19:51 BDT" duration-ms="0" status="PASS">
          <reporter-output>
          </reporter-output>
        </test-method> <!-- afterTest -->
        <test-method is-config="true" signature="afterClass()[pri:0, instance:com.app.theInternetHerokuapp.tests.TestDynamicControls@76911385]" started-at="2023-05-06T11:19:51 BDT" name="afterClass" finished-at="2023-05-06T11:19:51 BDT" duration-ms="86" status="PASS">
          <reporter-output>
          </reporter-output>
        </test-method> <!-- afterClass -->
      </class> <!-- com.app.theInternetHerokuapp.tests.TestDynamicControls -->
      <class name="com.app.theInternetHerokuapp.tests.TestFileUploader">
        <test-method is-config="true" signature="beforeClass()[pri:0, instance:com.app.theInternetHerokuapp.tests.TestFileUploader@6ff37443]" started-at="2023-05-06T11:20:05 BDT" name="beforeClass" finished-at="2023-05-06T11:20:06 BDT" duration-ms="817" status="PASS">
          <reporter-output>
          </reporter-output>
        </test-method> <!-- beforeClass -->
        <test-method is-config="true" signature="beforeMethod()[pri:0, instance:com.app.theInternetHerokuapp.tests.TestFileUploader@6ff37443]" started-at="2023-05-06T11:20:06 BDT" name="beforeMethod" finished-at="2023-05-06T11:20:10 BDT" duration-ms="3933" status="PASS">
          <reporter-output>
          </reporter-output>
        </test-method> <!-- beforeMethod -->
        <test-method signature="fileUploaderMethodOne()[pri:1, instance:com.app.theInternetHerokuapp.tests.TestFileUploader@6ff37443]" started-at="2023-05-06T11:20:10 BDT" name="fileUploaderMethodOne" finished-at="2023-05-06T11:20:14 BDT" duration-ms="4057" status="FAIL">
          <exception class="org.openqa.selenium.NoSuchElementException">
            <message>
              <![CDATA[no such element: Unable to locate element: {"method":"css selector","selector":"h3"}
  (Session info: chrome=112.0.5615.138)
For documentation on this error, please visit: https://selenium.dev/exceptions/#no_such_element
Build info: version: '4.8.3', revision: 'e5e76298c3'
System info: os.name: 'Windows 10', os.arch: 'amd64', os.version: '10.0', java.version: '17.0.2'
Driver info: org.openqa.selenium.chrome.ChromeDriver
Command: [ba76cb562e565b3329315c31847c84ce, findElement {using=css selector, value=h3}]
Capabilities {acceptInsecureCerts: false, browserName: chrome, browserVersion: 112.0.5615.138, chrome: {chromedriverVersion: 112.0.5615.49 (bd2a7bcb881c..., userDataDir: C:\Users\abzam\AppData\Loca...}, goog:chromeOptions: {debuggerAddress: localhost:57839}, networkConnectionEnabled: false, pageLoadStrategy: normal, platformName: WINDOWS, proxy: Proxy(), se:cdp: ws://localhost:57839/devtoo..., se:cdpVersion: 112.0.5615.138, setWindowRect: true, strictFileInteractability: false, timeouts: {implicit: 0, pageLoad: 300000, script: 30000}, unhandledPromptBehavior: dismiss and notify, webauthn:extension:credBlob: true, webauthn:extension:largeBlob: true, webauthn:extension:minPinLength: true, webauthn:extension:prf: true, webauthn:virtualAuthenticators: true}
Session ID: ba76cb562e565b3329315c31847c84ce]]>
            </message>
            <full-stacktrace>
              <![CDATA[org.openqa.selenium.NoSuchElementException: no such element: Unable to locate element: {"method":"css selector","selector":"h3"}
  (Session info: chrome=112.0.5615.138)
For documentation on this error, please visit: https://selenium.dev/exceptions/#no_such_element
Build info: version: '4.8.3', revision: 'e5e76298c3'
System info: os.name: 'Windows 10', os.arch: 'amd64', os.version: '10.0', java.version: '17.0.2'
Driver info: org.openqa.selenium.chrome.ChromeDriver
Command: [ba76cb562e565b3329315c31847c84ce, findElement {using=css selector, value=h3}]
Capabilities {acceptInsecureCerts: false, browserName: chrome, browserVersion: 112.0.5615.138, chrome: {chromedriverVersion: 112.0.5615.49 (bd2a7bcb881c..., userDataDir: C:\Users\abzam\AppData\Loca...}, goog:chromeOptions: {debuggerAddress: localhost:57839}, networkConnectionEnabled: false, pageLoadStrategy: normal, platformName: WINDOWS, proxy: Proxy(), se:cdp: ws://localhost:57839/devtoo..., se:cdpVersion: 112.0.5615.138, setWindowRect: true, strictFileInteractability: false, timeouts: {implicit: 0, pageLoad: 300000, script: 30000}, unhandledPromptBehavior: dismiss and notify, webauthn:extension:credBlob: true, webauthn:extension:largeBlob: true, webauthn:extension:minPinLength: true, webauthn:extension:prf: true, webauthn:virtualAuthenticators: true}
Session ID: ba76cb562e565b3329315c31847c84ce
at jdk.internal.reflect.GeneratedConstructorAccessor46.newInstance(Unknown Source)
at java.base/jdk.internal.reflect.DelegatingConstructorAccessorImpl.newInstance(DelegatingConstructorAccessorImpl.java:45)
at java.base/java.lang.reflect.Constructor.newInstanceWithCaller(Constructor.java:499)
at java.base/java.lang.reflect.Constructor.newInstance(Constructor.java:480)
at org.openqa.selenium.remote.codec.w3c.W3CHttpResponseCodec.createException(W3CHttpResponseCodec.java:200)
at org.openqa.selenium.remote.codec.w3c.W3CHttpResponseCodec.decode(W3CHttpResponseCodec.java:133)
at org.openqa.selenium.remote.codec.w3c.W3CHttpResponseCodec.decode(W3CHttpResponseCodec.java:53)
at org.openqa.selenium.remote.HttpCommandExecutor.execute(HttpCommandExecutor.java:193)
at org.openqa.selenium.remote.service.DriverCommandExecutor.invokeExecute(DriverCommandExecutor.java:183)
at org.openqa.selenium.remote.service.DriverCommandExecutor.execute(DriverCommandExecutor.java:158)
at org.openqa.selenium.remote.RemoteWebDriver.execute(RemoteWebDriver.java:543)
at org.openqa.selenium.remote.ElementLocation$ElementFinder$2.findElement(ElementLocation.java:162)
at org.openqa.selenium.remote.ElementLocation.findElement(ElementLocation.java:60)
at org.openqa.selenium.remote.RemoteWebDriver.findElement(RemoteWebDriver.java:352)
at org.openqa.selenium.remote.RemoteWebDriver.findElement(RemoteWebDriver.java:344)
at org.openqa.selenium.support.pagefactory.DefaultElementLocator.findElement(DefaultElementLocator.java:70)
at org.openqa.selenium.support.pagefactory.internal.LocatingElementHandler.invoke(LocatingElementHandler.java:39)
at jdk.proxy2/jdk.proxy2.$Proxy17.getText(Unknown Source)
at com.app.theInternetHerokuapp.tests.BaseTest.assertText(BaseTest.java:152)
at com.app.theInternetHerokuapp.tests.TestFileUploader.fileUploaderMethodOne(TestFileUploader.java:39)
at java.base/jdk.internal.reflect.NativeMethodAccessorImpl.invoke0(Native Method)
at java.base/jdk.internal.reflect.NativeMethodAccessorImpl.invoke(NativeMethodAccessorImpl.java:77)
at java.base/jdk.internal.reflect.DelegatingMethodAccessorImpl.invoke(DelegatingMethodAccessorImpl.java:43)
at java.base/java.lang.reflect.Method.invoke(Method.java:568)
at org.testng.internal.invokers.MethodInvocationHelper.invokeMethod(MethodInvocationHelper.java:139)
at org.testng.internal.invokers.TestInvoker.invokeMethod(TestInvoker.java:677)
at org.testng.internal.invokers.TestInvoker.invokeTestMethod(TestInvoker.java:221)
at org.testng.internal.invokers.MethodRunner.runInSequence(MethodRunner.java:50)
at org.testng.internal.invokers.TestInvoker$MethodInvocationAgent.invoke(TestInvoker.java:969)
at org.testng.internal.invokers.TestInvoker.invokeTestMethods(TestInvoker.java:194)
at org.testng.internal.invokers.TestMethodWorker.invokeTestMethods(TestMethodWorker.java:148)
at org.testng.internal.invokers.TestMethodWorker.run(TestMethodWorker.java:128)
at java.base/java.util.concurrent.ThreadPoolExecutor.runWorker(ThreadPoolExecutor.java:1136)
at java.base/java.util.concurrent.ThreadPoolExecutor$Worker.run(ThreadPoolExecutor.java:635)
at java.base/java.lang.Thread.run(Thread.java:833)
]]>
            </full-stacktrace>
          </exception> <!-- org.openqa.selenium.NoSuchElementException -->
          <reporter-output>
          </reporter-output>
        </test-method> <!-- fileUploaderMethodOne -->
        <test-method is-config="true" signature="afterTest()[pri:0, instance:com.app.theInternetHerokuapp.tests.TestFileUploader@6ff37443]" started-at="2023-05-06T11:20:14 BDT" name="afterTest" finished-at="2023-05-06T11:20:14 BDT" duration-ms="1" status="PASS">
          <reporter-output>
          </reporter-output>
        </test-method> <!-- afterTest -->
        <test-method is-config="true" signature="beforeMethod()[pri:0, instance:com.app.theInternetHerokuapp.tests.TestFileUploader@6ff37443]" started-at="2023-05-06T11:20:14 BDT" name="beforeMethod" finished-at="2023-05-06T11:20:15 BDT" duration-ms="788" status="PASS">
          <reporter-output>
          </reporter-output>
        </test-method> <!-- beforeMethod -->
        <test-method signature="fileUploaderMethodTwo()[pri:2, instance:com.app.theInternetHerokuapp.tests.TestFileUploader@6ff37443]" started-at="2023-05-06T11:20:15 BDT" name="fileUploaderMethodTwo" finished-at="2023-05-06T11:20:21 BDT" duration-ms="6629" status="FAIL">
          <exception class="org.openqa.selenium.NoSuchElementException">
            <message>
              <![CDATA[no such element: Unable to locate element: {"method":"css selector","selector":"h3"}
  (Session info: chrome=112.0.5615.138)
For documentation on this error, please visit: https://selenium.dev/exceptions/#no_such_element
Build info: version: '4.8.3', revision: 'e5e76298c3'
System info: os.name: 'Windows 10', os.arch: 'amd64', os.version: '10.0', java.version: '17.0.2'
Driver info: org.openqa.selenium.chrome.ChromeDriver
Command: [ba76cb562e565b3329315c31847c84ce, findElement {using=css selector, value=h3}]
Capabilities {acceptInsecureCerts: false, browserName: chrome, browserVersion: 112.0.5615.138, chrome: {chromedriverVersion: 112.0.5615.49 (bd2a7bcb881c..., userDataDir: C:\Users\abzam\AppData\Loca...}, goog:chromeOptions: {debuggerAddress: localhost:57839}, networkConnectionEnabled: false, pageLoadStrategy: normal, platformName: WINDOWS, proxy: Proxy(), se:cdp: ws://localhost:57839/devtoo..., se:cdpVersion: 112.0.5615.138, setWindowRect: true, strictFileInteractability: false, timeouts: {implicit: 0, pageLoad: 300000, script: 30000}, unhandledPromptBehavior: dismiss and notify, webauthn:extension:credBlob: true, webauthn:extension:largeBlob: true, webauthn:extension:minPinLength: true, webauthn:extension:prf: true, webauthn:virtualAuthenticators: true}
Session ID: ba76cb562e565b3329315c31847c84ce]]>
            </message>
            <full-stacktrace>
              <![CDATA[org.openqa.selenium.NoSuchElementException: no such element: Unable to locate element: {"method":"css selector","selector":"h3"}
  (Session info: chrome=112.0.5615.138)
For documentation on this error, please visit: https://selenium.dev/exceptions/#no_such_element
Build info: version: '4.8.3', revision: 'e5e76298c3'
System info: os.name: 'Windows 10', os.arch: 'amd64', os.version: '10.0', java.version: '17.0.2'
Driver info: org.openqa.selenium.chrome.ChromeDriver
Command: [ba76cb562e565b3329315c31847c84ce, findElement {using=css selector, value=h3}]
Capabilities {acceptInsecureCerts: false, browserName: chrome, browserVersion: 112.0.5615.138, chrome: {chromedriverVersion: 112.0.5615.49 (bd2a7bcb881c..., userDataDir: C:\Users\abzam\AppData\Loca...}, goog:chromeOptions: {debuggerAddress: localhost:57839}, networkConnectionEnabled: false, pageLoadStrategy: normal, platformName: WINDOWS, proxy: Proxy(), se:cdp: ws://localhost:57839/devtoo..., se:cdpVersion: 112.0.5615.138, setWindowRect: true, strictFileInteractability: false, timeouts: {implicit: 0, pageLoad: 300000, script: 30000}, unhandledPromptBehavior: dismiss and notify, webauthn:extension:credBlob: true, webauthn:extension:largeBlob: true, webauthn:extension:minPinLength: true, webauthn:extension:prf: true, webauthn:virtualAuthenticators: true}
Session ID: ba76cb562e565b3329315c31847c84ce
at jdk.internal.reflect.GeneratedConstructorAccessor46.newInstance(Unknown Source)
at java.base/jdk.internal.reflect.DelegatingConstructorAccessorImpl.newInstance(DelegatingConstructorAccessorImpl.java:45)
at java.base/java.lang.reflect.Constructor.newInstanceWithCaller(Constructor.java:499)
at java.base/java.lang.reflect.Constructor.newInstance(Constructor.java:480)
at org.openqa.selenium.remote.codec.w3c.W3CHttpResponseCodec.createException(W3CHttpResponseCodec.java:200)
at org.openqa.selenium.remote.codec.w3c.W3CHttpResponseCodec.decode(W3CHttpResponseCodec.java:133)
at org.openqa.selenium.remote.codec.w3c.W3CHttpResponseCodec.decode(W3CHttpResponseCodec.java:53)
at org.openqa.selenium.remote.HttpCommandExecutor.execute(HttpCommandExecutor.java:193)
at org.openqa.selenium.remote.service.DriverCommandExecutor.invokeExecute(DriverCommandExecutor.java:183)
at org.openqa.selenium.remote.service.DriverCommandExecutor.execute(DriverCommandExecutor.java:158)
at org.openqa.selenium.remote.RemoteWebDriver.execute(RemoteWebDriver.java:543)
at org.openqa.selenium.remote.ElementLocation$ElementFinder$2.findElement(ElementLocation.java:162)
at org.openqa.selenium.remote.ElementLocation.findElement(ElementLocation.java:60)
at org.openqa.selenium.remote.RemoteWebDriver.findElement(RemoteWebDriver.java:352)
at org.openqa.selenium.remote.RemoteWebDriver.findElement(RemoteWebDriver.java:344)
at org.openqa.selenium.support.pagefactory.DefaultElementLocator.findElement(DefaultElementLocator.java:70)
at org.openqa.selenium.support.pagefactory.internal.LocatingElementHandler.invoke(LocatingElementHandler.java:39)
at jdk.proxy2/jdk.proxy2.$Proxy17.getText(Unknown Source)
at com.app.theInternetHerokuapp.tests.BaseTest.assertText(BaseTest.java:152)
at com.app.theInternetHerokuapp.tests.TestFileUploader.fileUploaderMethodTwo(TestFileUploader.java:59)
at java.base/jdk.internal.reflect.NativeMethodAccessorImpl.invoke0(Native Method)
at java.base/jdk.internal.reflect.NativeMethodAccessorImpl.invoke(NativeMethodAccessorImpl.java:77)
at java.base/jdk.internal.reflect.DelegatingMethodAccessorImpl.invoke(DelegatingMethodAccessorImpl.java:43)
at java.base/java.lang.reflect.Method.invoke(Method.java:568)
at org.testng.internal.invokers.MethodInvocationHelper.invokeMethod(MethodInvocationHelper.java:139)
at org.testng.internal.invokers.TestInvoker.invokeMethod(TestInvoker.java:677)
at org.testng.internal.invokers.TestInvoker.invokeTestMethod(TestInvoker.java:221)
at org.testng.internal.invokers.MethodRunner.runInSequence(MethodRunner.java:50)
at org.testng.internal.invokers.TestInvoker$MethodInvocationAgent.invoke(TestInvoker.java:969)
at org.testng.internal.invokers.TestInvoker.invokeTestMethods(TestInvoker.java:194)
at org.testng.internal.invokers.TestMethodWorker.invokeTestMethods(TestMethodWorker.java:148)
at org.testng.internal.invokers.TestMethodWorker.run(TestMethodWorker.java:128)
at java.base/java.util.concurrent.ThreadPoolExecutor.runWorker(ThreadPoolExecutor.java:1136)
at java.base/java.util.concurrent.ThreadPoolExecutor$Worker.run(ThreadPoolExecutor.java:635)
at java.base/java.lang.Thread.run(Thread.java:833)
]]>
            </full-stacktrace>
          </exception> <!-- org.openqa.selenium.NoSuchElementException -->
          <reporter-output>
          </reporter-output>
        </test-method> <!-- fileUploaderMethodTwo -->
        <test-method is-config="true" signature="afterTest()[pri:0, instance:com.app.theInternetHerokuapp.tests.TestFileUploader@6ff37443]" started-at="2023-05-06T11:20:21 BDT" name="afterTest" finished-at="2023-05-06T11:20:21 BDT" duration-ms="1" status="PASS">
          <reporter-output>
          </reporter-output>
        </test-method> <!-- afterTest -->
        <test-method is-config="true" signature="afterClass()[pri:0, instance:com.app.theInternetHerokuapp.tests.TestFileUploader@6ff37443]" started-at="2023-05-06T11:20:21 BDT" name="afterClass" finished-at="2023-05-06T11:20:22 BDT" duration-ms="1069" status="PASS">
          <reporter-output>
          </reporter-output>
        </test-method> <!-- afterClass -->
      </class> <!-- com.app.theInternetHerokuapp.tests.TestFileUploader -->
      <class name="com.app.theInternetHerokuapp.tests.TestFileDownloader">
        <test-method is-config="true" signature="beforeClass()[pri:0, instance:com.app.theInternetHerokuapp.tests.TestFileDownloader@40ab8a8]" started-at="2023-05-06T11:19:49 BDT" name="beforeClass" finished-at="2023-05-06T11:19:50 BDT" duration-ms="830" status="PASS">
          <reporter-output>
          </reporter-output>
        </test-method> <!-- beforeClass -->
        <test-method is-config="true" signature="beforeMethod()[pri:0, instance:com.app.theInternetHerokuapp.tests.TestFileDownloader@40ab8a8]" started-at="2023-05-06T11:19:50 BDT" name="beforeMethod" finished-at="2023-05-06T11:19:54 BDT" duration-ms="4185" status="PASS">
          <reporter-output>
          </reporter-output>
        </test-method> <!-- beforeMethod -->
        <test-method signature="fileDownloader()[pri:0, instance:com.app.theInternetHerokuapp.tests.TestFileDownloader@40ab8a8]" started-at="2023-05-06T11:19:54 BDT" name="fileDownloader" finished-at="2023-05-06T11:20:05 BDT" duration-ms="11238" status="PASS">
          <reporter-output>
          </reporter-output>
        </test-method> <!-- fileDownloader -->
        <test-method is-config="true" signature="afterTest()[pri:0, instance:com.app.theInternetHerokuapp.tests.TestFileDownloader@40ab8a8]" started-at="2023-05-06T11:20:05 BDT" name="afterTest" finished-at="2023-05-06T11:20:05 BDT" duration-ms="1" status="PASS">
          <reporter-output>
          </reporter-output>
        </test-method> <!-- afterTest -->
        <test-method is-config="true" signature="afterClass()[pri:0, instance:com.app.theInternetHerokuapp.tests.TestFileDownloader@40ab8a8]" started-at="2023-05-06T11:20:05 BDT" name="afterClass" finished-at="2023-05-06T11:20:05 BDT" duration-ms="58" status="PASS">
          <reporter-output>
          </reporter-output>
        </test-method> <!-- afterClass -->
      </class> <!-- com.app.theInternetHerokuapp.tests.TestFileDownloader -->
      <class name="com.app.theInternetHerokuapp.tests.TestDropDown">
        <test-method is-config="true" signature="beforeClass()[pri:0, instance:com.app.theInternetHerokuapp.tests.TestDropDown@c4c0b41]" started-at="2023-05-06T11:19:32 BDT" name="beforeClass" finished-at="2023-05-06T11:19:32 BDT" duration-ms="848" status="PASS">
          <reporter-output>
          </reporter-output>
        </test-method> <!-- beforeClass -->
        <test-method is-config="true" signature="beforeMethod()[pri:0, instance:com.app.theInternetHerokuapp.tests.TestDropDown@c4c0b41]" started-at="2023-05-06T11:19:32 BDT" name="beforeMethod" finished-at="2023-05-06T11:19:40 BDT" duration-ms="7479" status="PASS">
          <reporter-output>
          </reporter-output>
        </test-method> <!-- beforeMethod -->
        <test-method signature="DropDown()[pri:0, instance:com.app.theInternetHerokuapp.tests.TestDropDown@c4c0b41]" started-at="2023-05-06T11:19:40 BDT" name="DropDown" finished-at="2023-05-06T11:19:42 BDT" duration-ms="2419" status="PASS">
          <reporter-output>
          </reporter-output>
        </test-method> <!-- DropDown -->
        <test-method is-config="true" signature="afterTest()[pri:0, instance:com.app.theInternetHerokuapp.tests.TestDropDown@c4c0b41]" started-at="2023-05-06T11:19:42 BDT" name="afterTest" finished-at="2023-05-06T11:19:42 BDT" duration-ms="1" status="PASS">
          <reporter-output>
          </reporter-output>
        </test-method> <!-- afterTest -->
        <test-method is-config="true" signature="afterClass()[pri:0, instance:com.app.theInternetHerokuapp.tests.TestDropDown@c4c0b41]" started-at="2023-05-06T11:19:42 BDT" name="afterClass" finished-at="2023-05-06T11:19:42 BDT" duration-ms="90" status="PASS">
          <reporter-output>
          </reporter-output>
        </test-method> <!-- afterClass -->
      </class> <!-- com.app.theInternetHerokuapp.tests.TestDropDown -->
      <class name="com.app.theInternetHerokuapp.tests.TestGeoLocation">
        <test-method is-config="true" signature="beforeClass()[pri:0, instance:com.app.theInternetHerokuapp.tests.TestGeoLocation@21719a0]" started-at="2023-05-06T11:19:54 BDT" name="beforeClass" finished-at="2023-05-06T11:19:55 BDT" duration-ms="825" status="PASS">
          <reporter-output>
          </reporter-output>
        </test-method> <!-- beforeClass -->
        <test-method is-config="true" signature="beforeMethod()[pri:0, instance:com.app.theInternetHerokuapp.tests.TestGeoLocation@21719a0]" started-at="2023-05-06T11:19:55 BDT" name="beforeMethod" finished-at="2023-05-06T11:20:03 BDT" duration-ms="8057" status="PASS">
          <reporter-output>
          </reporter-output>
        </test-method> <!-- beforeMethod -->
        <test-method signature="geoLocation()[pri:0, instance:com.app.theInternetHerokuapp.tests.TestGeoLocation@21719a0]" started-at="2023-05-06T11:20:03 BDT" name="geoLocation" finished-at="2023-05-06T11:20:07 BDT" duration-ms="4361" status="FAIL">
          <exception class="org.openqa.selenium.NoAlertPresentException">
            <message>
              <![CDATA[no such alert
  (Session info: chrome=112.0.5615.138)
Build info: version: '4.8.3', revision: 'e5e76298c3'
System info: os.name: 'Windows 10', os.arch: 'amd64', os.version: '10.0', java.version: '17.0.2'
Driver info: org.openqa.selenium.chrome.ChromeDriver
Command: [d1201377fb4ab4fdd67ccf0ab969997b, getAlertText {}]
Capabilities {acceptInsecureCerts: false, browserName: chrome, browserVersion: 112.0.5615.138, chrome: {chromedriverVersion: 112.0.5615.49 (bd2a7bcb881c..., userDataDir: C:\Users\abzam\AppData\Loca...}, goog:chromeOptions: {debuggerAddress: localhost:57689}, networkConnectionEnabled: false, pageLoadStrategy: normal, platformName: WINDOWS, proxy: Proxy(), se:cdp: ws://localhost:57689/devtoo..., se:cdpVersion: 112.0.5615.138, setWindowRect: true, strictFileInteractability: false, timeouts: {implicit: 0, pageLoad: 300000, script: 30000}, unhandledPromptBehavior: dismiss and notify, webauthn:extension:credBlob: true, webauthn:extension:largeBlob: true, webauthn:extension:minPinLength: true, webauthn:extension:prf: true, webauthn:virtualAuthenticators: true}
Session ID: d1201377fb4ab4fdd67ccf0ab969997b]]>
            </message>
            <full-stacktrace>
              <![CDATA[org.openqa.selenium.NoAlertPresentException: no such alert
  (Session info: chrome=112.0.5615.138)
Build info: version: '4.8.3', revision: 'e5e76298c3'
System info: os.name: 'Windows 10', os.arch: 'amd64', os.version: '10.0', java.version: '17.0.2'
Driver info: org.openqa.selenium.chrome.ChromeDriver
Command: [d1201377fb4ab4fdd67ccf0ab969997b, getAlertText {}]
Capabilities {acceptInsecureCerts: false, browserName: chrome, browserVersion: 112.0.5615.138, chrome: {chromedriverVersion: 112.0.5615.49 (bd2a7bcb881c..., userDataDir: C:\Users\abzam\AppData\Loca...}, goog:chromeOptions: {debuggerAddress: localhost:57689}, networkConnectionEnabled: false, pageLoadStrategy: normal, platformName: WINDOWS, proxy: Proxy(), se:cdp: ws://localhost:57689/devtoo..., se:cdpVersion: 112.0.5615.138, setWindowRect: true, strictFileInteractability: false, timeouts: {implicit: 0, pageLoad: 300000, script: 30000}, unhandledPromptBehavior: dismiss and notify, webauthn:extension:credBlob: true, webauthn:extension:largeBlob: true, webauthn:extension:minPinLength: true, webauthn:extension:prf: true, webauthn:virtualAuthenticators: true}
Session ID: d1201377fb4ab4fdd67ccf0ab969997b
at java.base/jdk.internal.reflect.NativeConstructorAccessorImpl.newInstance0(Native Method)
at java.base/jdk.internal.reflect.NativeConstructorAccessorImpl.newInstance(NativeConstructorAccessorImpl.java:77)
at java.base/jdk.internal.reflect.DelegatingConstructorAccessorImpl.newInstance(DelegatingConstructorAccessorImpl.java:45)
at java.base/java.lang.reflect.Constructor.newInstanceWithCaller(Constructor.java:499)
at java.base/java.lang.reflect.Constructor.newInstance(Constructor.java:480)
at org.openqa.selenium.remote.codec.w3c.W3CHttpResponseCodec.createException(W3CHttpResponseCodec.java:200)
at org.openqa.selenium.remote.codec.w3c.W3CHttpResponseCodec.decode(W3CHttpResponseCodec.java:133)
at org.openqa.selenium.remote.codec.w3c.W3CHttpResponseCodec.decode(W3CHttpResponseCodec.java:53)
at org.openqa.selenium.remote.HttpCommandExecutor.execute(HttpCommandExecutor.java:193)
at org.openqa.selenium.remote.service.DriverCommandExecutor.invokeExecute(DriverCommandExecutor.java:183)
at org.openqa.selenium.remote.service.DriverCommandExecutor.execute(DriverCommandExecutor.java:158)
at org.openqa.selenium.remote.RemoteWebDriver.execute(RemoteWebDriver.java:543)
at org.openqa.selenium.remote.RemoteWebDriver.execute(RemoteWebDriver.java:598)
at org.openqa.selenium.remote.RemoteWebDriver.execute(RemoteWebDriver.java:602)
at org.openqa.selenium.remote.RemoteWebDriver$RemoteTargetLocator.alert(RemoteWebDriver.java:1079)
at com.app.theInternetHerokuapp.tests.BaseTest.switchToAlertAndAccept(BaseTest.java:275)
at com.app.theInternetHerokuapp.tests.TestGeoLocation.geoLocation(TestGeoLocation.java:25)
at java.base/jdk.internal.reflect.NativeMethodAccessorImpl.invoke0(Native Method)
at java.base/jdk.internal.reflect.NativeMethodAccessorImpl.invoke(NativeMethodAccessorImpl.java:77)
at java.base/jdk.internal.reflect.DelegatingMethodAccessorImpl.invoke(DelegatingMethodAccessorImpl.java:43)
at java.base/java.lang.reflect.Method.invoke(Method.java:568)
at org.testng.internal.invokers.MethodInvocationHelper.invokeMethod(MethodInvocationHelper.java:139)
at org.testng.internal.invokers.TestInvoker.invokeMethod(TestInvoker.java:677)
at org.testng.internal.invokers.TestInvoker.invokeTestMethod(TestInvoker.java:221)
at org.testng.internal.invokers.MethodRunner.runInSequence(MethodRunner.java:50)
at org.testng.internal.invokers.TestInvoker$MethodInvocationAgent.invoke(TestInvoker.java:969)
at org.testng.internal.invokers.TestInvoker.invokeTestMethods(TestInvoker.java:194)
at org.testng.internal.invokers.TestMethodWorker.invokeTestMethods(TestMethodWorker.java:148)
at org.testng.internal.invokers.TestMethodWorker.run(TestMethodWorker.java:128)
at java.base/java.util.concurrent.ThreadPoolExecutor.runWorker(ThreadPoolExecutor.java:1136)
at java.base/java.util.concurrent.ThreadPoolExecutor$Worker.run(ThreadPoolExecutor.java:635)
at java.base/java.lang.Thread.run(Thread.java:833)
]]>
            </full-stacktrace>
          </exception> <!-- org.openqa.selenium.NoAlertPresentException -->
          <reporter-output>
          </reporter-output>
        </test-method> <!-- geoLocation -->
        <test-method is-config="true" signature="afterClass()[pri:0, instance:com.app.theInternetHerokuapp.tests.TestGeoLocation@21719a0]" started-at="2023-05-06T11:20:07 BDT" name="afterClass" finished-at="2023-05-06T11:20:08 BDT" duration-ms="306" status="PASS">
          <reporter-output>
          </reporter-output>
        </test-method> <!-- afterClass -->
        <test-method is-config="true" signature="afterTest()[pri:0, instance:com.app.theInternetHerokuapp.tests.TestGeoLocation@21719a0]" started-at="2023-05-06T11:20:07 BDT" name="afterTest" finished-at="2023-05-06T11:20:07 BDT" duration-ms="0" status="PASS">
          <reporter-output>
          </reporter-output>
        </test-method> <!-- afterTest -->
      </class> <!-- com.app.theInternetHerokuapp.tests.TestGeoLocation -->
      <class name="com.app.theInternetHerokuapp.tests.TestContextMenu">
        <test-method is-config="true" signature="beforeClass()[pri:0, instance:com.app.theInternetHerokuapp.tests.TestContextMenu@3bcd426c]" started-at="2023-05-06T11:19:25 BDT" name="beforeClass" finished-at="2023-05-06T11:19:26 BDT" duration-ms="847" status="PASS">
          <reporter-output>
          </reporter-output>
        </test-method> <!-- beforeClass -->
        <test-method is-config="true" signature="beforeMethod()[pri:0, instance:com.app.theInternetHerokuapp.tests.TestContextMenu@3bcd426c]" started-at="2023-05-06T11:19:26 BDT" name="beforeMethod" finished-at="2023-05-06T11:19:31 BDT" duration-ms="4631" status="PASS">
          <reporter-output>
          </reporter-output>
        </test-method> <!-- beforeMethod -->
        <test-method signature="contextMenu()[pri:0, instance:com.app.theInternetHerokuapp.tests.TestContextMenu@3bcd426c]" started-at="2023-05-06T11:19:31 BDT" name="contextMenu" finished-at="2023-05-06T11:19:31 BDT" duration-ms="347" status="FAIL">
          <exception class="org.openqa.selenium.json.JsonException">
            <message>
              <![CDATA[java.lang.reflect.InvocationTargetException
Build info: version: '4.8.3', revision: 'e5e76298c3'
System info: os.name: 'Windows 10', os.arch: 'amd64', os.version: '10.0', java.version: '17.0.2'
Driver info: org.openqa.selenium.chrome.ChromeDriver
Command: [921e03dbc8b807e45d3ea91bb42b614e, actions {actions=[org.openqa.selenium.interactions.Sequence@753df85]}]
Capabilities {acceptInsecureCerts: false, browserName: chrome, browserVersion: 112.0.5615.138, chrome: {chromedriverVersion: 112.0.5615.49 (bd2a7bcb881c..., userDataDir: C:\Users\abzam\AppData\Loca...}, goog:chromeOptions: {debuggerAddress: localhost:57149}, networkConnectionEnabled: false, pageLoadStrategy: normal, platformName: WINDOWS, proxy: Proxy(), se:cdp: ws://localhost:57149/devtoo..., se:cdpVersion: 112.0.5615.138, setWindowRect: true, strictFileInteractability: false, timeouts: {implicit: 0, pageLoad: 300000, script: 30000}, unhandledPromptBehavior: dismiss and notify, webauthn:extension:credBlob: true, webauthn:extension:largeBlob: true, webauthn:extension:minPinLength: true, webauthn:extension:prf: true, webauthn:virtualAuthenticators: true}
Session ID: 921e03dbc8b807e45d3ea91bb42b614e]]>
            </message>
            <full-stacktrace>
              <![CDATA[org.openqa.selenium.json.JsonException: java.lang.reflect.InvocationTargetException
Build info: version: '4.8.3', revision: 'e5e76298c3'
System info: os.name: 'Windows 10', os.arch: 'amd64', os.version: '10.0', java.version: '17.0.2'
Driver info: org.openqa.selenium.chrome.ChromeDriver
Command: [921e03dbc8b807e45d3ea91bb42b614e, actions {actions=[org.openqa.selenium.interactions.Sequence@753df85]}]
Capabilities {acceptInsecureCerts: false, browserName: chrome, browserVersion: 112.0.5615.138, chrome: {chromedriverVersion: 112.0.5615.49 (bd2a7bcb881c..., userDataDir: C:\Users\abzam\AppData\Loca...}, goog:chromeOptions: {debuggerAddress: localhost:57149}, networkConnectionEnabled: false, pageLoadStrategy: normal, platformName: WINDOWS, proxy: Proxy(), se:cdp: ws://localhost:57149/devtoo..., se:cdpVersion: 112.0.5615.138, setWindowRect: true, strictFileInteractability: false, timeouts: {implicit: 0, pageLoad: 300000, script: 30000}, unhandledPromptBehavior: dismiss and notify, webauthn:extension:credBlob: true, webauthn:extension:largeBlob: true, webauthn:extension:minPinLength: true, webauthn:extension:prf: true, webauthn:virtualAuthenticators: true}
Session ID: 921e03dbc8b807e45d3ea91bb42b614e
at org.openqa.selenium.json.JsonOutput.convertUsingMethod(JsonOutput.java:362)
at org.openqa.selenium.json.JsonOutput.lambda$new$16(JsonOutput.java:154)
at org.openqa.selenium.json.JsonOutput.write(JsonOutput.java:287)
at org.openqa.selenium.json.JsonOutput.lambda$new$22(JsonOutput.java:169)
at java.base/java.util.stream.ForEachOps$ForEachOp$OfRef.accept(ForEachOps.java:183)
at java.base/java.util.stream.ReferencePipeline$2$1.accept(ReferencePipeline.java:179)
at java.base/java.util.Iterator.forEachRemaining(Iterator.java:133)
at java.base/java.util.Spliterators$IteratorSpliterator.forEachRemaining(Spliterators.java:1845)
at java.base/java.util.stream.AbstractPipeline.copyInto(AbstractPipeline.java:509)
at java.base/java.util.stream.AbstractPipeline.wrapAndCopyInto(AbstractPipeline.java:499)
at java.base/java.util.stream.ForEachOps$ForEachOp.evaluateSequential(ForEachOps.java:150)
at java.base/java.util.stream.ForEachOps$ForEachOp$OfRef.evaluateSequential(ForEachOps.java:173)
at java.base/java.util.stream.AbstractPipeline.evaluate(AbstractPipeline.java:234)
at java.base/java.util.stream.ReferencePipeline.forEach(ReferencePipeline.java:596)
at org.openqa.selenium.json.JsonOutput.lambda$new$23(JsonOutput.java:169)
at org.openqa.selenium.json.JsonOutput.write(JsonOutput.java:287)
at org.openqa.selenium.json.JsonOutput.lambda$new$24(JsonOutput.java:182)
at com.google.common.collect.SingletonImmutableBiMap.forEach(SingletonImmutableBiMap.java:68)
at org.openqa.selenium.json.JsonOutput.lambda$new$25(JsonOutput.java:177)
at org.openqa.selenium.json.JsonOutput.write(JsonOutput.java:287)
at org.openqa.selenium.json.JsonOutput.write(JsonOutput.java:278)
at org.openqa.selenium.json.Json.toJson(Json.java:42)
at org.openqa.selenium.remote.codec.AbstractHttpCommandCodec.encode(AbstractHttpCommandCodec.java:259)
at org.openqa.selenium.remote.codec.AbstractHttpCommandCodec.encode(AbstractHttpCommandCodec.java:122)
at org.openqa.selenium.remote.HttpCommandExecutor.execute(HttpCommandExecutor.java:181)
at org.openqa.selenium.remote.service.DriverCommandExecutor.invokeExecute(DriverCommandExecutor.java:183)
at org.openqa.selenium.remote.service.DriverCommandExecutor.execute(DriverCommandExecutor.java:158)
at org.openqa.selenium.remote.RemoteWebDriver.execute(RemoteWebDriver.java:543)
at org.openqa.selenium.remote.RemoteWebDriver.perform(RemoteWebDriver.java:611)
at org.openqa.selenium.interactions.Actions$BuiltAction.perform(Actions.java:567)
at org.openqa.selenium.interactions.Actions.perform(Actions.java:536)
at com.app.theInternetHerokuapp.tests.BaseTest.contextMenuValidation(BaseTest.java:386)
at com.app.theInternetHerokuapp.tests.TestContextMenu.contextMenu(TestContextMenu.java:18)
at java.base/jdk.internal.reflect.NativeMethodAccessorImpl.invoke0(Native Method)
at java.base/jdk.internal.reflect.NativeMethodAccessorImpl.invoke(NativeMethodAccessorImpl.java:77)
at java.base/jdk.internal.reflect.DelegatingMethodAccessorImpl.invoke(DelegatingMethodAccessorImpl.java:43)
at java.base/java.lang.reflect.Method.invoke(Method.java:568)
at org.testng.internal.invokers.MethodInvocationHelper.invokeMethod(MethodInvocationHelper.java:139)
at org.testng.internal.invokers.TestInvoker.invokeMethod(TestInvoker.java:677)
at org.testng.internal.invokers.TestInvoker.invokeTestMethod(TestInvoker.java:221)
at org.testng.internal.invokers.MethodRunner.runInSequence(MethodRunner.java:50)
at org.testng.internal.invokers.TestInvoker$MethodInvocationAgent.invoke(TestInvoker.java:969)
at org.testng.internal.invokers.TestInvoker.invokeTestMethods(TestInvoker.java:194)
at org.testng.internal.invokers.TestMethodWorker.invokeTestMethods(TestMethodWorker.java:148)
at org.testng.internal.invokers.TestMethodWorker.run(TestMethodWorker.java:128)
at java.base/java.util.concurrent.ThreadPoolExecutor.runWorker(ThreadPoolExecutor.java:1136)
at java.base/java.util.concurrent.ThreadPoolExecutor$Worker.run(ThreadPoolExecutor.java:635)
at java.base/java.lang.Thread.run(Thread.java:833)
Suppressed: org.openqa.selenium.json.JsonException: Attempting to close incomplete json stream
Build info: version: '4.8.3', revision: 'e5e76298c3'
System info: os.name: 'Windows 10', os.arch: 'amd64', os.version: '10.0', java.version: '17.0.2'
Driver info: driver.version: RemoteWebDriver
at org.openqa.selenium.json.JsonOutput.close(JsonOutput.java:303)
at org.openqa.selenium.json.Json.toJson(Json.java:40)
... 26 more
Caused by: java.lang.reflect.InvocationTargetException
at java.base/jdk.internal.reflect.NativeMethodAccessorImpl.invoke0(Native Method)
at java.base/jdk.internal.reflect.NativeMethodAccessorImpl.invoke(NativeMethodAccessorImpl.java:77)
at java.base/jdk.internal.reflect.DelegatingMethodAccessorImpl.invoke(DelegatingMethodAccessorImpl.java:43)
at java.base/java.lang.reflect.Method.invoke(Method.java:568)
at org.openqa.selenium.json.JsonOutput.convertUsingMethod(JsonOutput.java:358)
... 47 more
Caused by: org.openqa.selenium.NoSuchElementException: no such element: Unable to locate element: {"method":"css selector","selector":"[oncontextmenu]"}
  (Session info: chrome=112.0.5615.138)
For documentation on this error, please visit: https://selenium.dev/exceptions/#no_such_element
Build info: version: '4.8.3', revision: 'e5e76298c3'
System info: os.name: 'Windows 10', os.arch: 'amd64', os.version: '10.0', java.version: '17.0.2'
Driver info: org.openqa.selenium.chrome.ChromeDriver
Command: [921e03dbc8b807e45d3ea91bb42b614e, findElement {using=css selector, value=[oncontextmenu]}]
Capabilities {acceptInsecureCerts: false, browserName: chrome, browserVersion: 112.0.5615.138, chrome: {chromedriverVersion: 112.0.5615.49 (bd2a7bcb881c..., userDataDir: C:\Users\abzam\AppData\Loca...}, goog:chromeOptions: {debuggerAddress: localhost:57149}, networkConnectionEnabled: false, pageLoadStrategy: normal, platformName: WINDOWS, proxy: Proxy(), se:cdp: ws://localhost:57149/devtoo..., se:cdpVersion: 112.0.5615.138, setWindowRect: true, strictFileInteractability: false, timeouts: {implicit: 0, pageLoad: 300000, script: 30000}, unhandledPromptBehavior: dismiss and notify, webauthn:extension:credBlob: true, webauthn:extension:largeBlob: true, webauthn:extension:minPinLength: true, webauthn:extension:prf: true, webauthn:virtualAuthenticators: true}
Session ID: 921e03dbc8b807e45d3ea91bb42b614e
at java.base/jdk.internal.reflect.NativeConstructorAccessorImpl.newInstance0(Native Method)
at java.base/jdk.internal.reflect.NativeConstructorAccessorImpl.newInstance(NativeConstructorAccessorImpl.java:77)
at java.base/jdk.internal.reflect.DelegatingConstructorAccessorImpl.newInstance(DelegatingConstructorAccessorImpl.java:45)
at java.base/java.lang.reflect.Constructor.newInstanceWithCaller(Constructor.java:499)
at java.base/java.lang.reflect.Constructor.newInstance(Constructor.java:480)
at org.openqa.selenium.remote.codec.w3c.W3CHttpResponseCodec.createException(W3CHttpResponseCodec.java:200)
at org.openqa.selenium.remote.codec.w3c.W3CHttpResponseCodec.decode(W3CHttpResponseCodec.java:133)
at org.openqa.selenium.remote.codec.w3c.W3CHttpResponseCodec.decode(W3CHttpResponseCodec.java:53)
at org.openqa.selenium.remote.HttpCommandExecutor.execute(HttpCommandExecutor.java:193)
at org.openqa.selenium.remote.service.DriverCommandExecutor.invokeExecute(DriverCommandExecutor.java:183)
at org.openqa.selenium.remote.service.DriverCommandExecutor.execute(DriverCommandExecutor.java:158)
at org.openqa.selenium.remote.RemoteWebDriver.execute(RemoteWebDriver.java:543)
at org.openqa.selenium.remote.ElementLocation$ElementFinder$2.findElement(ElementLocation.java:162)
at org.openqa.selenium.remote.ElementLocation.findElement(ElementLocation.java:60)
at org.openqa.selenium.remote.RemoteWebDriver.findElement(RemoteWebDriver.java:352)
at org.openqa.selenium.remote.RemoteWebDriver.findElement(RemoteWebDriver.java:344)
at org.openqa.selenium.support.pagefactory.DefaultElementLocator.findElement(DefaultElementLocator.java:70)
at org.openqa.selenium.support.pagefactory.internal.LocatingElementHandler.invoke(LocatingElementHandler.java:39)
at jdk.proxy2/jdk.proxy2.$Proxy17.getWrappedElement(Unknown Source)
at org.openqa.selenium.interactions.PointerInput$Origin.asArg(PointerInput.java:269)
at org.openqa.selenium.interactions.PointerInput$Move.encode(PointerInput.java:218)
at org.openqa.selenium.interactions.Sequence.encode(Sequence.java:73)
at org.openqa.selenium.interactions.Sequence.toJson(Sequence.java:82)
... 52 more
]]>
            </full-stacktrace>
          </exception> <!-- org.openqa.selenium.json.JsonException -->
          <reporter-output>
          </reporter-output>
        </test-method> <!-- contextMenu -->
        <test-method is-config="true" signature="afterTest()[pri:0, instance:com.app.theInternetHerokuapp.tests.TestContextMenu@3bcd426c]" started-at="2023-05-06T11:19:31 BDT" name="afterTest" finished-at="2023-05-06T11:19:31 BDT" duration-ms="0" status="PASS">
          <reporter-output>
          </reporter-output>
        </test-method> <!-- afterTest -->
        <test-method is-config="true" signature="afterClass()[pri:0, instance:com.app.theInternetHerokuapp.tests.TestContextMenu@3bcd426c]" started-at="2023-05-06T11:19:31 BDT" name="afterClass" finished-at="2023-05-06T11:19:31 BDT" duration-ms="102" status="PASS">
          <reporter-output>
          </reporter-output>
        </test-method> <!-- afterClass -->
      </class> <!-- com.app.theInternetHerokuapp.tests.TestContextMenu -->
      <class name="com.app.theInternetHerokuapp.tests.TestDragAndDrop">
        <test-method is-config="true" signature="beforeClass()[pri:0, instance:com.app.theInternetHerokuapp.tests.TestDragAndDrop@5dc3fcb7]" started-at="2023-05-06T11:19:31 BDT" name="beforeClass" finished-at="2023-05-06T11:19:32 BDT" duration-ms="889" status="PASS">
          <reporter-output>
          </reporter-output>
        </test-method> <!-- beforeClass -->
        <test-method is-config="true" signature="beforeMethod()[pri:0, instance:com.app.theInternetHerokuapp.tests.TestDragAndDrop@5dc3fcb7]" started-at="2023-05-06T11:19:32 BDT" name="beforeMethod" finished-at="2023-05-06T11:19:36 BDT" duration-ms="4443" status="PASS">
          <reporter-output>
          </reporter-output>
        </test-method> <!-- beforeMethod -->
        <test-method signature="dragAndDrop()[pri:0, instance:com.app.theInternetHerokuapp.tests.TestDragAndDrop@5dc3fcb7]" started-at="2023-05-06T11:19:36 BDT" name="dragAndDrop" finished-at="2023-05-06T11:19:49 BDT" duration-ms="12161" status="PASS">
          <reporter-output>
          </reporter-output>
        </test-method> <!-- dragAndDrop -->
        <test-method is-config="true" signature="afterTest()[pri:0, instance:com.app.theInternetHerokuapp.tests.TestDragAndDrop@5dc3fcb7]" started-at="2023-05-06T11:19:49 BDT" name="afterTest" finished-at="2023-05-06T11:19:49 BDT" duration-ms="0" status="PASS">
          <reporter-output>
          </reporter-output>
        </test-method> <!-- afterTest -->
        <test-method is-config="true" signature="afterClass()[pri:0, instance:com.app.theInternetHerokuapp.tests.TestDragAndDrop@5dc3fcb7]" started-at="2023-05-06T11:19:49 BDT" name="afterClass" finished-at="2023-05-06T11:19:49 BDT" duration-ms="153" status="PASS">
          <reporter-output>
          </reporter-output>
        </test-method> <!-- afterClass -->
      </class> <!-- com.app.theInternetHerokuapp.tests.TestDragAndDrop -->
      <class name="com.app.theInternetHerokuapp.tests.TestJQueryMenus">
        <test-method is-config="true" signature="beforeClass()[pri:0, instance:com.app.theInternetHerokuapp.tests.TestJQueryMenus@76b224cd]" started-at="2023-05-06T11:20:01 BDT" name="beforeClass" finished-at="2023-05-06T11:20:02 BDT" duration-ms="819" status="PASS">
          <reporter-output>
          </reporter-output>
        </test-method> <!-- beforeClass -->
        <test-method is-config="true" signature="beforeMethod()[pri:0, instance:com.app.theInternetHerokuapp.tests.TestJQueryMenus@76b224cd]" started-at="2023-05-06T11:20:02 BDT" name="beforeMethod" finished-at="2023-05-06T11:20:06 BDT" duration-ms="4212" status="PASS">
          <reporter-output>
          </reporter-output>
        </test-method> <!-- beforeMethod -->
        <test-method signature="jQueryMenus()[pri:0, instance:com.app.theInternetHerokuapp.tests.TestJQueryMenus@76b224cd]" started-at="2023-05-06T11:20:06 BDT" name="jQueryMenus" finished-at="2023-05-06T11:20:10 BDT" duration-ms="3719" status="PASS">
          <reporter-output>
          </reporter-output>
        </test-method> <!-- jQueryMenus -->
        <test-method is-config="true" signature="afterTest()[pri:0, instance:com.app.theInternetHerokuapp.tests.TestJQueryMenus@76b224cd]" started-at="2023-05-06T11:20:10 BDT" name="afterTest" finished-at="2023-05-06T11:20:10 BDT" duration-ms="0" status="PASS">
          <reporter-output>
          </reporter-output>
        </test-method> <!-- afterTest -->
        <test-method is-config="true" signature="afterClass()[pri:0, instance:com.app.theInternetHerokuapp.tests.TestJQueryMenus@76b224cd]" started-at="2023-05-06T11:20:10 BDT" name="afterClass" finished-at="2023-05-06T11:20:11 BDT" duration-ms="787" status="PASS">
          <reporter-output>
          </reporter-output>
        </test-method> <!-- afterClass -->
      </class> <!-- com.app.theInternetHerokuapp.tests.TestJQueryMenus -->
      <class name="com.app.theInternetHerokuapp.tests.TestDisappearingElements">
        <test-method is-config="true" signature="beforeClass()[pri:0, instance:com.app.theInternetHerokuapp.tests.TestDisappearingElements@726a17c4]" started-at="2023-05-06T11:19:30 BDT" name="beforeClass" finished-at="2023-05-06T11:19:31 BDT" duration-ms="834" status="PASS">
          <reporter-output>
          </reporter-output>
        </test-method> <!-- beforeClass -->
        <test-method is-config="true" signature="beforeMethod()[pri:0, instance:com.app.theInternetHerokuapp.tests.TestDisappearingElements@726a17c4]" started-at="2023-05-06T11:19:31 BDT" name="beforeMethod" finished-at="2023-05-06T11:19:37 BDT" duration-ms="6360" status="PASS">
          <reporter-output>
          </reporter-output>
        </test-method> <!-- beforeMethod -->
        <test-method signature="disappearingElements()[pri:0, instance:com.app.theInternetHerokuapp.tests.TestDisappearingElements@726a17c4]" started-at="2023-05-06T11:19:37 BDT" name="disappearingElements" finished-at="2023-05-06T11:19:38 BDT" duration-ms="398" status="PASS">
          <reporter-output>
          </reporter-output>
        </test-method> <!-- disappearingElements -->
        <test-method is-config="true" signature="afterTest()[pri:0, instance:com.app.theInternetHerokuapp.tests.TestDisappearingElements@726a17c4]" started-at="2023-05-06T11:19:38 BDT" name="afterTest" finished-at="2023-05-06T11:19:38 BDT" duration-ms="0" status="PASS">
          <reporter-output>
          </reporter-output>
        </test-method> <!-- afterTest -->
        <test-method is-config="true" signature="afterClass()[pri:0, instance:com.app.theInternetHerokuapp.tests.TestDisappearingElements@726a17c4]" started-at="2023-05-06T11:19:38 BDT" name="afterClass" finished-at="2023-05-06T11:19:38 BDT" duration-ms="69" status="PASS">
          <reporter-output>
          </reporter-output>
        </test-method> <!-- afterClass -->
      </class> <!-- com.app.theInternetHerokuapp.tests.TestDisappearingElements -->
      <class name="com.app.theInternetHerokuapp.tests.LoginPage.TestDpLoginValidation">
        <test-method is-config="true" signature="beforeClass()[pri:0, instance:com.app.theInternetHerokuapp.tests.LoginPage.TestDpLoginValidation@6ef81f31]" started-at="2023-05-06T11:19:02 BDT" name="beforeClass" finished-at="2023-05-06T11:19:04 BDT" duration-ms="2255" status="PASS">
          <reporter-output>
          </reporter-output>
        </test-method> <!-- beforeClass -->
        <test-method is-config="true" signature="beforeMethod()[pri:0, instance:com.app.theInternetHerokuapp.tests.LoginPage.TestDpLoginValidation@6ef81f31]" started-at="2023-05-06T11:19:05 BDT" name="beforeMethod" finished-at="2023-05-06T11:19:09 BDT" duration-ms="4425" status="PASS">
          <reporter-output>
          </reporter-output>
        </test-method> <!-- beforeMethod -->
        <test-method signature="dpLoginValidation(java.lang.String,java.lang.String,java.lang.String)[pri:0, instance:com.app.theInternetHerokuapp.tests.LoginPage.TestDpLoginValidation@6ef81f31]" started-at="2023-05-06T11:19:09 BDT" name="dpLoginValidation" data-provider="loginData" finished-at="2023-05-06T11:19:10 BDT" duration-ms="1271" status="PASS">
          <params>
            <param index="0">
              <value>
                <![CDATA[tomsmith]]>
              </value>
            </param>
            <param index="1">
              <value>
                <![CDATA[SuperSecretPassword!]]>
              </value>
            </param>
            <param index="2">
              <value>
                <![CDATA[valid]]>
              </value>
            </param>
          </params>
          <reporter-output>
          </reporter-output>
        </test-method> <!-- dpLoginValidation -->
        <test-method is-config="true" signature="afterTest()[pri:0, instance:com.app.theInternetHerokuapp.tests.LoginPage.TestDpLoginValidation@6ef81f31]" started-at="2023-05-06T11:19:10 BDT" name="afterTest" finished-at="2023-05-06T11:19:10 BDT" duration-ms="1" status="PASS">
          <reporter-output>
          </reporter-output>
        </test-method> <!-- afterTest -->
        <test-method is-config="true" signature="beforeMethod()[pri:0, instance:com.app.theInternetHerokuapp.tests.LoginPage.TestDpLoginValidation@6ef81f31]" started-at="2023-05-06T11:19:10 BDT" name="beforeMethod" finished-at="2023-05-06T11:19:11 BDT" duration-ms="792" status="PASS">
          <reporter-output>
          </reporter-output>
        </test-method> <!-- beforeMethod -->
        <test-method signature="dpLoginValidation(java.lang.String,java.lang.String,java.lang.String)[pri:0, instance:com.app.theInternetHerokuapp.tests.LoginPage.TestDpLoginValidation@6ef81f31]" started-at="2023-05-06T11:19:11 BDT" name="dpLoginValidation" data-provider="loginData" finished-at="2023-05-06T11:19:12 BDT" duration-ms="988" status="FAIL">
          <params>
            <param index="0">
              <value>
                <![CDATA[sdafasfdasdf124]]>
              </value>
            </param>
            <param index="1">
              <value>
                <![CDATA[sdfdfsfdasfsfdfgfg3334]]>
              </value>
            </param>
            <param index="2">
              <value>
                <![CDATA[invalid]]>
              </value>
            </param>
          </params>
          <exception class="java.lang.AssertionError">
            <message>
              <![CDATA[null]]>
            </message>
            <full-stacktrace>
              <![CDATA[java.lang.AssertionError: null
at org.testng.Assert.fail(Assert.java:110)
at org.testng.Assert.fail(Assert.java:115)
at com.app.theInternetHerokuapp.tests.LoginPage.TestDpLoginValidation.dpLoginValidation(TestDpLoginValidation.java:44)
at java.base/jdk.internal.reflect.NativeMethodAccessorImpl.invoke0(Native Method)
at java.base/jdk.internal.reflect.NativeMethodAccessorImpl.invoke(NativeMethodAccessorImpl.java:77)
at java.base/jdk.internal.reflect.DelegatingMethodAccessorImpl.invoke(DelegatingMethodAccessorImpl.java:43)
at java.base/java.lang.reflect.Method.invoke(Method.java:568)
at org.testng.internal.invokers.MethodInvocationHelper.invokeMethod(MethodInvocationHelper.java:139)
at org.testng.internal.invokers.TestInvoker.invokeMethod(TestInvoker.java:677)
at org.testng.internal.invokers.TestInvoker.invokeTestMethod(TestInvoker.java:221)
at org.testng.internal.invokers.MethodRunner.runInSequence(MethodRunner.java:50)
at org.testng.internal.invokers.TestInvoker$MethodInvocationAgent.invoke(TestInvoker.java:969)
at org.testng.internal.invokers.TestInvoker.invokeTestMethods(TestInvoker.java:194)
at org.testng.internal.invokers.TestMethodWorker.invokeTestMethods(TestMethodWorker.java:148)
at org.testng.internal.invokers.TestMethodWorker.run(TestMethodWorker.java:128)
at java.base/java.util.concurrent.ThreadPoolExecutor.runWorker(ThreadPoolExecutor.java:1136)
at java.base/java.util.concurrent.ThreadPoolExecutor$Worker.run(ThreadPoolExecutor.java:635)
at java.base/java.lang.Thread.run(Thread.java:833)
]]>
            </full-stacktrace>
          </exception> <!-- java.lang.AssertionError -->
          <reporter-output>
          </reporter-output>
        </test-method> <!-- dpLoginValidation -->
        <test-method is-config="true" signature="afterTest()[pri:0, instance:com.app.theInternetHerokuapp.tests.LoginPage.TestDpLoginValidation@6ef81f31]" started-at="2023-05-06T11:19:12 BDT" name="afterTest" finished-at="2023-05-06T11:19:12 BDT" duration-ms="0" status="PASS">
          <reporter-output>
          </reporter-output>
        </test-method> <!-- afterTest -->
        <test-method is-config="true" signature="beforeMethod()[pri:0, instance:com.app.theInternetHerokuapp.tests.LoginPage.TestDpLoginValidation@6ef81f31]" started-at="2023-05-06T11:19:12 BDT" name="beforeMethod" finished-at="2023-05-06T11:19:13 BDT" duration-ms="790" status="PASS">
          <reporter-output>
          </reporter-output>
        </test-method> <!-- beforeMethod -->
        <test-method signature="dpLoginValidation(java.lang.String,java.lang.String,java.lang.String)[pri:0, instance:com.app.theInternetHerokuapp.tests.LoginPage.TestDpLoginValidation@6ef81f31]" started-at="2023-05-06T11:19:13 BDT" name="dpLoginValidation" data-provider="loginData" finished-at="2023-05-06T11:19:14 BDT" duration-ms="967" status="FAIL">
          <params>
            <param index="0">
              <value>
                <![CDATA[sdafasfdasdf125]]>
              </value>
            </param>
            <param index="1">
              <value>
                <![CDATA[sdfdfsfdasfsfdfgfg3335]]>
              </value>
            </param>
            <param index="2">
              <value>
                <![CDATA[invalid]]>
              </value>
            </param>
          </params>
          <exception class="java.lang.AssertionError">
            <message>
              <![CDATA[null]]>
            </message>
            <full-stacktrace>
              <![CDATA[java.lang.AssertionError: null
at org.testng.Assert.fail(Assert.java:110)
at org.testng.Assert.fail(Assert.java:115)
at com.app.theInternetHerokuapp.tests.LoginPage.TestDpLoginValidation.dpLoginValidation(TestDpLoginValidation.java:44)
at java.base/jdk.internal.reflect.NativeMethodAccessorImpl.invoke0(Native Method)
at java.base/jdk.internal.reflect.NativeMethodAccessorImpl.invoke(NativeMethodAccessorImpl.java:77)
at java.base/jdk.internal.reflect.DelegatingMethodAccessorImpl.invoke(DelegatingMethodAccessorImpl.java:43)
at java.base/java.lang.reflect.Method.invoke(Method.java:568)
at org.testng.internal.invokers.MethodInvocationHelper.invokeMethod(MethodInvocationHelper.java:139)
at org.testng.internal.invokers.TestInvoker.invokeMethod(TestInvoker.java:677)
at org.testng.internal.invokers.TestInvoker.invokeTestMethod(TestInvoker.java:221)
at org.testng.internal.invokers.MethodRunner.runInSequence(MethodRunner.java:50)
at org.testng.internal.invokers.TestInvoker$MethodInvocationAgent.invoke(TestInvoker.java:969)
at org.testng.internal.invokers.TestInvoker.invokeTestMethods(TestInvoker.java:194)
at org.testng.internal.invokers.TestMethodWorker.invokeTestMethods(TestMethodWorker.java:148)
at org.testng.internal.invokers.TestMethodWorker.run(TestMethodWorker.java:128)
at java.base/java.util.concurrent.ThreadPoolExecutor.runWorker(ThreadPoolExecutor.java:1136)
at java.base/java.util.concurrent.ThreadPoolExecutor$Worker.run(ThreadPoolExecutor.java:635)
at java.base/java.lang.Thread.run(Thread.java:833)
]]>
            </full-stacktrace>
          </exception> <!-- java.lang.AssertionError -->
          <reporter-output>
          </reporter-output>
        </test-method> <!-- dpLoginValidation -->
        <test-method is-config="true" signature="afterTest()[pri:0, instance:com.app.theInternetHerokuapp.tests.LoginPage.TestDpLoginValidation@6ef81f31]" started-at="2023-05-06T11:19:14 BDT" name="afterTest" finished-at="2023-05-06T11:19:14 BDT" duration-ms="0" status="PASS">
          <reporter-output>
          </reporter-output>
        </test-method> <!-- afterTest -->
        <test-method is-config="true" signature="beforeMethod()[pri:0, instance:com.app.theInternetHerokuapp.tests.LoginPage.TestDpLoginValidation@6ef81f31]" started-at="2023-05-06T11:19:14 BDT" name="beforeMethod" finished-at="2023-05-06T11:19:15 BDT" duration-ms="794" status="PASS">
          <reporter-output>
          </reporter-output>
        </test-method> <!-- beforeMethod -->
        <test-method signature="dpLoginValidation(java.lang.String,java.lang.String,java.lang.String)[pri:0, instance:com.app.theInternetHerokuapp.tests.LoginPage.TestDpLoginValidation@6ef81f31]" started-at="2023-05-06T11:19:15 BDT" name="dpLoginValidation" data-provider="loginData" finished-at="2023-05-06T11:19:16 BDT" duration-ms="964" status="FAIL">
          <params>
            <param index="0">
              <value>
                <![CDATA[sdafasfdasdf126]]>
              </value>
            </param>
            <param index="1">
              <value>
                <![CDATA[sdfdfsfdasfsfdfgfg3336]]>
              </value>
            </param>
            <param index="2">
              <value>
                <![CDATA[invalid]]>
              </value>
            </param>
          </params>
          <exception class="java.lang.AssertionError">
            <message>
              <![CDATA[null]]>
            </message>
            <full-stacktrace>
              <![CDATA[java.lang.AssertionError: null
at org.testng.Assert.fail(Assert.java:110)
at org.testng.Assert.fail(Assert.java:115)
at com.app.theInternetHerokuapp.tests.LoginPage.TestDpLoginValidation.dpLoginValidation(TestDpLoginValidation.java:44)
at java.base/jdk.internal.reflect.NativeMethodAccessorImpl.invoke0(Native Method)
at java.base/jdk.internal.reflect.NativeMethodAccessorImpl.invoke(NativeMethodAccessorImpl.java:77)
at java.base/jdk.internal.reflect.DelegatingMethodAccessorImpl.invoke(DelegatingMethodAccessorImpl.java:43)
at java.base/java.lang.reflect.Method.invoke(Method.java:568)
at org.testng.internal.invokers.MethodInvocationHelper.invokeMethod(MethodInvocationHelper.java:139)
at org.testng.internal.invokers.TestInvoker.invokeMethod(TestInvoker.java:677)
at org.testng.internal.invokers.TestInvoker.invokeTestMethod(TestInvoker.java:221)
at org.testng.internal.invokers.MethodRunner.runInSequence(MethodRunner.java:50)
at org.testng.internal.invokers.TestInvoker$MethodInvocationAgent.invoke(TestInvoker.java:969)
at org.testng.internal.invokers.TestInvoker.invokeTestMethods(TestInvoker.java:194)
at org.testng.internal.invokers.TestMethodWorker.invokeTestMethods(TestMethodWorker.java:148)
at org.testng.internal.invokers.TestMethodWorker.run(TestMethodWorker.java:128)
at java.base/java.util.concurrent.ThreadPoolExecutor.runWorker(ThreadPoolExecutor.java:1136)
at java.base/java.util.concurrent.ThreadPoolExecutor$Worker.run(ThreadPoolExecutor.java:635)
at java.base/java.lang.Thread.run(Thread.java:833)
]]>
            </full-stacktrace>
          </exception> <!-- java.lang.AssertionError -->
          <reporter-output>
          </reporter-output>
        </test-method> <!-- dpLoginValidation -->
        <test-method is-config="true" signature="afterTest()[pri:0, instance:com.app.theInternetHerokuapp.tests.LoginPage.TestDpLoginValidation@6ef81f31]" started-at="2023-05-06T11:19:16 BDT" name="afterTest" finished-at="2023-05-06T11:19:16 BDT" duration-ms="0" status="PASS">
          <reporter-output>
          </reporter-output>
        </test-method> <!-- afterTest -->
        <test-method is-config="true" signature="beforeMethod()[pri:0, instance:com.app.theInternetHerokuapp.tests.LoginPage.TestDpLoginValidation@6ef81f31]" started-at="2023-05-06T11:19:16 BDT" name="beforeMethod" finished-at="2023-05-06T11:19:16 BDT" duration-ms="793" status="PASS">
          <reporter-output>
          </reporter-output>
        </test-method> <!-- beforeMethod -->
        <test-method signature="dpLoginValidation(java.lang.String,java.lang.String,java.lang.String)[pri:0, instance:com.app.theInternetHerokuapp.tests.LoginPage.TestDpLoginValidation@6ef81f31]" started-at="2023-05-06T11:19:16 BDT" name="dpLoginValidation" data-provider="loginData" finished-at="2023-05-06T11:19:17 BDT" duration-ms="977" status="FAIL">
          <params>
            <param index="0">
              <value>
                <![CDATA[sdafasfdasdf127]]>
              </value>
            </param>
            <param index="1">
              <value>
                <![CDATA[sdfdfsfdasfsfdfgfg3337]]>
              </value>
            </param>
            <param index="2">
              <value>
                <![CDATA[invalid]]>
              </value>
            </param>
          </params>
          <exception class="java.lang.AssertionError">
            <message>
              <![CDATA[null]]>
            </message>
            <full-stacktrace>
              <![CDATA[java.lang.AssertionError: null
at org.testng.Assert.fail(Assert.java:110)
at org.testng.Assert.fail(Assert.java:115)
at com.app.theInternetHerokuapp.tests.LoginPage.TestDpLoginValidation.dpLoginValidation(TestDpLoginValidation.java:44)
at java.base/jdk.internal.reflect.NativeMethodAccessorImpl.invoke0(Native Method)
at java.base/jdk.internal.reflect.NativeMethodAccessorImpl.invoke(NativeMethodAccessorImpl.java:77)
at java.base/jdk.internal.reflect.DelegatingMethodAccessorImpl.invoke(DelegatingMethodAccessorImpl.java:43)
at java.base/java.lang.reflect.Method.invoke(Method.java:568)
at org.testng.internal.invokers.MethodInvocationHelper.invokeMethod(MethodInvocationHelper.java:139)
at org.testng.internal.invokers.TestInvoker.invokeMethod(TestInvoker.java:677)
at org.testng.internal.invokers.TestInvoker.invokeTestMethod(TestInvoker.java:221)
at org.testng.internal.invokers.MethodRunner.runInSequence(MethodRunner.java:50)
at org.testng.internal.invokers.TestInvoker$MethodInvocationAgent.invoke(TestInvoker.java:969)
at org.testng.internal.invokers.TestInvoker.invokeTestMethods(TestInvoker.java:194)
at org.testng.internal.invokers.TestMethodWorker.invokeTestMethods(TestMethodWorker.java:148)
at org.testng.internal.invokers.TestMethodWorker.run(TestMethodWorker.java:128)
at java.base/java.util.concurrent.ThreadPoolExecutor.runWorker(ThreadPoolExecutor.java:1136)
at java.base/java.util.concurrent.ThreadPoolExecutor$Worker.run(ThreadPoolExecutor.java:635)
at java.base/java.lang.Thread.run(Thread.java:833)
]]>
            </full-stacktrace>
          </exception> <!-- java.lang.AssertionError -->
          <reporter-output>
          </reporter-output>
        </test-method> <!-- dpLoginValidation -->
        <test-method is-config="true" signature="afterTest()[pri:0, instance:com.app.theInternetHerokuapp.tests.LoginPage.TestDpLoginValidation@6ef81f31]" started-at="2023-05-06T11:19:17 BDT" name="afterTest" finished-at="2023-05-06T11:19:17 BDT" duration-ms="0" status="PASS">
          <reporter-output>
          </reporter-output>
        </test-method> <!-- afterTest -->
        <test-method is-config="true" signature="beforeMethod()[pri:0, instance:com.app.theInternetHerokuapp.tests.LoginPage.TestDpLoginValidation@6ef81f31]" started-at="2023-05-06T11:19:17 BDT" name="beforeMethod" finished-at="2023-05-06T11:19:18 BDT" duration-ms="793" status="PASS">
          <reporter-output>
          </reporter-output>
        </test-method> <!-- beforeMethod -->
        <test-method signature="dpLoginValidation(java.lang.String,java.lang.String,java.lang.String)[pri:0, instance:com.app.theInternetHerokuapp.tests.LoginPage.TestDpLoginValidation@6ef81f31]" started-at="2023-05-06T11:19:18 BDT" name="dpLoginValidation" data-provider="loginData" finished-at="2023-05-06T11:19:19 BDT" duration-ms="961" status="FAIL">
          <params>
            <param index="0">
              <value>
                <![CDATA[sdafasfdasdf128]]>
              </value>
            </param>
            <param index="1">
              <value>
                <![CDATA[sdfdfsfdasfsfdfgfg3338]]>
              </value>
            </param>
            <param index="2">
              <value>
                <![CDATA[invalid]]>
              </value>
            </param>
          </params>
          <exception class="java.lang.AssertionError">
            <message>
              <![CDATA[null]]>
            </message>
            <full-stacktrace>
              <![CDATA[java.lang.AssertionError: null
at org.testng.Assert.fail(Assert.java:110)
at org.testng.Assert.fail(Assert.java:115)
at com.app.theInternetHerokuapp.tests.LoginPage.TestDpLoginValidation.dpLoginValidation(TestDpLoginValidation.java:44)
at java.base/jdk.internal.reflect.NativeMethodAccessorImpl.invoke0(Native Method)
at java.base/jdk.internal.reflect.NativeMethodAccessorImpl.invoke(NativeMethodAccessorImpl.java:77)
at java.base/jdk.internal.reflect.DelegatingMethodAccessorImpl.invoke(DelegatingMethodAccessorImpl.java:43)
at java.base/java.lang.reflect.Method.invoke(Method.java:568)
at org.testng.internal.invokers.MethodInvocationHelper.invokeMethod(MethodInvocationHelper.java:139)
at org.testng.internal.invokers.TestInvoker.invokeMethod(TestInvoker.java:677)
at org.testng.internal.invokers.TestInvoker.invokeTestMethod(TestInvoker.java:221)
at org.testng.internal.invokers.MethodRunner.runInSequence(MethodRunner.java:50)
at org.testng.internal.invokers.TestInvoker$MethodInvocationAgent.invoke(TestInvoker.java:969)
at org.testng.internal.invokers.TestInvoker.invokeTestMethods(TestInvoker.java:194)
at org.testng.internal.invokers.TestMethodWorker.invokeTestMethods(TestMethodWorker.java:148)
at org.testng.internal.invokers.TestMethodWorker.run(TestMethodWorker.java:128)
at java.base/java.util.concurrent.ThreadPoolExecutor.runWorker(ThreadPoolExecutor.java:1136)
at java.base/java.util.concurrent.ThreadPoolExecutor$Worker.run(ThreadPoolExecutor.java:635)
at java.base/java.lang.Thread.run(Thread.java:833)
]]>
            </full-stacktrace>
          </exception> <!-- java.lang.AssertionError -->
          <reporter-output>
          </reporter-output>
        </test-method> <!-- dpLoginValidation -->
        <test-method is-config="true" signature="afterTest()[pri:0, instance:com.app.theInternetHerokuapp.tests.LoginPage.TestDpLoginValidation@6ef81f31]" started-at="2023-05-06T11:19:19 BDT" name="afterTest" finished-at="2023-05-06T11:19:19 BDT" duration-ms="1" status="PASS">
          <reporter-output>
          </reporter-output>
        </test-method> <!-- afterTest -->
        <test-method is-config="true" signature="afterClass()[pri:0, instance:com.app.theInternetHerokuapp.tests.LoginPage.TestDpLoginValidation@6ef81f31]" started-at="2023-05-06T11:19:19 BDT" name="afterClass" finished-at="2023-05-06T11:19:19 BDT" duration-ms="63" status="PASS">
          <reporter-output>
          </reporter-output>
        </test-method> <!-- afterClass -->
      </class> <!-- com.app.theInternetHerokuapp.tests.LoginPage.TestDpLoginValidation -->
      <class name="com.app.theInternetHerokuapp.tests.TestExitIntent">
        <test-method is-config="true" signature="beforeClass()[pri:0, instance:com.app.theInternetHerokuapp.tests.TestExitIntent@7a799159]" started-at="2023-05-06T11:19:48 BDT" name="beforeClass" finished-at="2023-05-06T11:19:49 BDT" duration-ms="828" status="PASS">
          <reporter-output>
          </reporter-output>
        </test-method> <!-- beforeClass -->
        <test-method is-config="true" signature="beforeMethod()[pri:0, instance:com.app.theInternetHerokuapp.tests.TestExitIntent@7a799159]" started-at="2023-05-06T11:19:49 BDT" name="beforeMethod" finished-at="2023-05-06T11:19:58 BDT" duration-ms="9272" status="PASS">
          <reporter-output>
          </reporter-output>
        </test-method> <!-- beforeMethod -->
        <test-method signature="exitIntent()[pri:0, instance:com.app.theInternetHerokuapp.tests.TestExitIntent@7a799159]" started-at="2023-05-06T11:19:58 BDT" name="exitIntent" finished-at="2023-05-06T11:20:09 BDT" duration-ms="11214" status="FAIL">
          <exception class="org.openqa.selenium.TimeoutException">
            <message>
              <![CDATA[Expected condition failed: waiting for visibility of [[ChromeDriver: chrome on WINDOWS (b2d2c5e1a09699a7ae2145a84a98c38b)] -> css selector: div#ouibounce-modal] (tried for 10 second(s) with 500 milliseconds interval)
Build info: version: '4.8.3', revision: 'e5e76298c3'
System info: os.name: 'Windows 10', os.arch: 'amd64', os.version: '10.0', java.version: '17.0.2'
Driver info: driver.version: unknown]]>
            </message>
            <full-stacktrace>
              <![CDATA[org.openqa.selenium.TimeoutException: Expected condition failed: waiting for visibility of [[ChromeDriver: chrome on WINDOWS (b2d2c5e1a09699a7ae2145a84a98c38b)] -> css selector: div#ouibounce-modal] (tried for 10 second(s) with 500 milliseconds interval)
Build info: version: '4.8.3', revision: 'e5e76298c3'
System info: os.name: 'Windows 10', os.arch: 'amd64', os.version: '10.0', java.version: '17.0.2'
Driver info: driver.version: unknown
at org.openqa.selenium.support.ui.FluentWait.timeoutException(FluentWait.java:263)
at org.openqa.selenium.support.ui.FluentWait.until(FluentWait.java:231)
at com.app.theInternetHerokuapp.tests.BaseTest.waitForElementToBeVisible(BaseTest.java:195)
at com.app.theInternetHerokuapp.tests.TestExitIntent.exitIntent(TestExitIntent.java:33)
at java.base/jdk.internal.reflect.NativeMethodAccessorImpl.invoke0(Native Method)
at java.base/jdk.internal.reflect.NativeMethodAccessorImpl.invoke(NativeMethodAccessorImpl.java:77)
at java.base/jdk.internal.reflect.DelegatingMethodAccessorImpl.invoke(DelegatingMethodAccessorImpl.java:43)
at java.base/java.lang.reflect.Method.invoke(Method.java:568)
at org.testng.internal.invokers.MethodInvocationHelper.invokeMethod(MethodInvocationHelper.java:139)
at org.testng.internal.invokers.TestInvoker.invokeMethod(TestInvoker.java:677)
at org.testng.internal.invokers.TestInvoker.invokeTestMethod(TestInvoker.java:221)
at org.testng.internal.invokers.MethodRunner.runInSequence(MethodRunner.java:50)
at org.testng.internal.invokers.TestInvoker$MethodInvocationAgent.invoke(TestInvoker.java:969)
at org.testng.internal.invokers.TestInvoker.invokeTestMethods(TestInvoker.java:194)
at org.testng.internal.invokers.TestMethodWorker.invokeTestMethods(TestMethodWorker.java:148)
at org.testng.internal.invokers.TestMethodWorker.run(TestMethodWorker.java:128)
at java.base/java.util.concurrent.ThreadPoolExecutor.runWorker(ThreadPoolExecutor.java:1136)
at java.base/java.util.concurrent.ThreadPoolExecutor$Worker.run(ThreadPoolExecutor.java:635)
at java.base/java.lang.Thread.run(Thread.java:833)
]]>
            </full-stacktrace>
          </exception> <!-- org.openqa.selenium.TimeoutException -->
          <reporter-output>
          </reporter-output>
        </test-method> <!-- exitIntent -->
        <test-method is-config="true" signature="afterTest()[pri:0, instance:com.app.theInternetHerokuapp.tests.TestExitIntent@7a799159]" started-at="2023-05-06T11:20:09 BDT" name="afterTest" finished-at="2023-05-06T11:20:09 BDT" duration-ms="0" status="PASS">
          <reporter-output>
          </reporter-output>
        </test-method> <!-- afterTest -->
        <test-method is-config="true" signature="afterClass()[pri:0, instance:com.app.theInternetHerokuapp.tests.TestExitIntent@7a799159]" started-at="2023-05-06T11:20:09 BDT" name="afterClass" finished-at="2023-05-06T11:20:09 BDT" duration-ms="56" status="PASS">
          <reporter-output>
          </reporter-output>
        </test-method> <!-- afterClass -->
      </class> <!-- com.app.theInternetHerokuapp.tests.TestExitIntent -->
      <class name="com.app.theInternetHerokuapp.tests.TestEntryAdd">
        <test-method is-config="true" signature="beforeClass()[pri:0, instance:com.app.theInternetHerokuapp.tests.TestEntryAdd@160396db]" started-at="2023-05-06T11:19:42 BDT" name="beforeClass" finished-at="2023-05-06T11:19:43 BDT" duration-ms="836" status="PASS">
          <reporter-output>
          </reporter-output>
        </test-method> <!-- beforeClass -->
        <test-method is-config="true" signature="beforeMethod()[pri:0, instance:com.app.theInternetHerokuapp.tests.TestEntryAdd@160396db]" started-at="2023-05-06T11:19:43 BDT" name="beforeMethod" finished-at="2023-05-06T11:19:47 BDT" duration-ms="3885" status="PASS">
          <reporter-output>
          </reporter-output>
        </test-method> <!-- beforeMethod -->
        <test-method signature="entryAdd()[pri:0, instance:com.app.theInternetHerokuapp.tests.TestEntryAdd@160396db]" started-at="2023-05-06T11:19:47 BDT" name="entryAdd" finished-at="2023-05-06T11:19:48 BDT" duration-ms="909" status="PASS">
          <reporter-output>
          </reporter-output>
        </test-method> <!-- entryAdd -->
        <test-method is-config="true" signature="afterTest()[pri:0, instance:com.app.theInternetHerokuapp.tests.TestEntryAdd@160396db]" started-at="2023-05-06T11:19:48 BDT" name="afterTest" finished-at="2023-05-06T11:19:48 BDT" duration-ms="1" status="PASS">
          <reporter-output>
          </reporter-output>
        </test-method> <!-- afterTest -->
        <test-method is-config="true" signature="afterClass()[pri:0, instance:com.app.theInternetHerokuapp.tests.TestEntryAdd@160396db]" started-at="2023-05-06T11:19:48 BDT" name="afterClass" finished-at="2023-05-06T11:19:48 BDT" duration-ms="102" status="PASS">
          <reporter-output>
          </reporter-output>
        </test-method> <!-- afterClass -->
      </class> <!-- com.app.theInternetHerokuapp.tests.TestEntryAdd -->
      <class name="com.app.theInternetHerokuapp.tests.TestBrokenImages">
        <test-method is-config="true" signature="beforeClass()[pri:0, instance:com.app.theInternetHerokuapp.tests.TestBrokenImages@5d1e09bc]" started-at="2023-05-06T11:19:20 BDT" name="beforeClass" finished-at="2023-05-06T11:19:21 BDT" duration-ms="853" status="PASS">
          <reporter-output>
          </reporter-output>
        </test-method> <!-- beforeClass -->
        <test-method is-config="true" signature="beforeMethod()[pri:0, instance:com.app.theInternetHerokuapp.tests.TestBrokenImages@5d1e09bc]" started-at="2023-05-06T11:19:21 BDT" name="beforeMethod" finished-at="2023-05-06T11:19:25 BDT" duration-ms="4433" status="PASS">
          <reporter-output>
          </reporter-output>
        </test-method> <!-- beforeMethod -->
        <test-method signature="BrokenImages()[pri:0, instance:com.app.theInternetHerokuapp.tests.TestBrokenImages@5d1e09bc]" started-at="2023-05-06T11:19:25 BDT" name="BrokenImages" finished-at="2023-05-06T11:19:30 BDT" duration-ms="4955" status="PASS">
          <reporter-output>
          </reporter-output>
        </test-method> <!-- BrokenImages -->
        <test-method is-config="true" signature="afterClass()[pri:0, instance:com.app.theInternetHerokuapp.tests.TestBrokenImages@5d1e09bc]" started-at="2023-05-06T11:19:30 BDT" name="afterClass" finished-at="2023-05-06T11:19:30 BDT" duration-ms="102" status="PASS">
          <reporter-output>
          </reporter-output>
        </test-method> <!-- afterClass -->
        <test-method is-config="true" signature="afterTest()[pri:0, instance:com.app.theInternetHerokuapp.tests.TestBrokenImages@5d1e09bc]" started-at="2023-05-06T11:19:30 BDT" name="afterTest" finished-at="2023-05-06T11:19:30 BDT" duration-ms="0" status="PASS">
          <reporter-output>
          </reporter-output>
        </test-method> <!-- afterTest -->
      </class> <!-- com.app.theInternetHerokuapp.tests.TestBrokenImages -->
      <class name="com.app.theInternetHerokuapp.tests.TestDigestAuthentication">
        <test-method is-config="true" signature="beforeClass()[pri:0, instance:com.app.theInternetHerokuapp.tests.TestDigestAuthentication@5f14a673]" started-at="2023-05-06T11:19:25 BDT" name="beforeClass" finished-at="2023-05-06T11:19:26 BDT" duration-ms="889" status="PASS">
          <reporter-output>
          </reporter-output>
        </test-method> <!-- beforeClass -->
        <test-method is-config="true" signature="beforeMethod()[pri:0, instance:com.app.theInternetHerokuapp.tests.TestDigestAuthentication@5f14a673]" started-at="2023-05-06T11:19:26 BDT" name="beforeMethod" finished-at="2023-05-06T11:19:31 BDT" duration-ms="5390" status="PASS">
          <reporter-output>
          </reporter-output>
        </test-method> <!-- beforeMethod -->
        <test-method signature="digestAuthentication()[pri:0, instance:com.app.theInternetHerokuapp.tests.TestDigestAuthentication@5f14a673]" started-at="2023-05-06T11:19:31 BDT" name="digestAuthentication" finished-at="2023-05-06T11:19:32 BDT" duration-ms="965" status="PASS">
          <reporter-output>
          </reporter-output>
        </test-method> <!-- digestAuthentication -->
        <test-method is-config="true" signature="afterClass()[pri:0, instance:com.app.theInternetHerokuapp.tests.TestDigestAuthentication@5f14a673]" started-at="2023-05-06T11:19:32 BDT" name="afterClass" finished-at="2023-05-06T11:19:32 BDT" duration-ms="59" status="PASS">
          <reporter-output>
          </reporter-output>
        </test-method> <!-- afterClass -->
        <test-method is-config="true" signature="afterTest()[pri:0, instance:com.app.theInternetHerokuapp.tests.TestDigestAuthentication@5f14a673]" started-at="2023-05-06T11:19:32 BDT" name="afterTest" finished-at="2023-05-06T11:19:32 BDT" duration-ms="0" status="PASS">
          <reporter-output>
          </reporter-output>
        </test-method> <!-- afterTest -->
      </class> <!-- com.app.theInternetHerokuapp.tests.TestDigestAuthentication -->
      <class name="com.app.theInternetHerokuapp.tests.TestBasicAuth">
        <test-method is-config="true" signature="beforeClass()[pri:0, instance:com.app.theInternetHerokuapp.tests.TestBasicAuth@4c9e38]" started-at="2023-05-06T11:19:19 BDT" name="beforeClass" finished-at="2023-05-06T11:19:20 BDT" duration-ms="848" status="PASS">
          <reporter-output>
          </reporter-output>
        </test-method> <!-- beforeClass -->
        <test-method is-config="true" signature="beforeMethod()[pri:0, instance:com.app.theInternetHerokuapp.tests.TestBasicAuth@4c9e38]" started-at="2023-05-06T11:19:20 BDT" name="beforeMethod" finished-at="2023-05-06T11:19:24 BDT" duration-ms="3999" status="PASS">
          <reporter-output>
          </reporter-output>
        </test-method> <!-- beforeMethod -->
        <test-method signature="basicAuth()[pri:0, instance:com.app.theInternetHerokuapp.tests.TestBasicAuth@4c9e38]" started-at="2023-05-06T11:19:24 BDT" name="basicAuth" finished-at="2023-05-06T11:19:25 BDT" duration-ms="969" status="PASS">
          <reporter-output>
          </reporter-output>
        </test-method> <!-- basicAuth -->
        <test-method is-config="true" signature="afterTest()[pri:0, instance:com.app.theInternetHerokuapp.tests.TestBasicAuth@4c9e38]" started-at="2023-05-06T11:19:25 BDT" name="afterTest" finished-at="2023-05-06T11:19:25 BDT" duration-ms="0" status="PASS">
          <reporter-output>
          </reporter-output>
        </test-method> <!-- afterTest -->
        <test-method is-config="true" signature="afterClass()[pri:0, instance:com.app.theInternetHerokuapp.tests.TestBasicAuth@4c9e38]" started-at="2023-05-06T11:19:25 BDT" name="afterClass" finished-at="2023-05-06T11:19:25 BDT" duration-ms="77" status="PASS">
          <reporter-output>
          </reporter-output>
        </test-method> <!-- afterClass -->
      </class> <!-- com.app.theInternetHerokuapp.tests.TestBasicAuth -->
      <class name="com.app.theInternetHerokuapp.tests.TestAddRemoveElements">
        <test-method is-config="true" signature="beforeClass()[pri:0, instance:com.app.theInternetHerokuapp.tests.TestAddRemoveElements@27aae97b]" started-at="2023-05-06T11:19:11 BDT" name="beforeClass" finished-at="2023-05-06T11:19:12 BDT" duration-ms="832" status="PASS">
          <reporter-output>
          </reporter-output>
        </test-method> <!-- beforeClass -->
        <test-method is-config="true" signature="beforeMethod()[pri:0, instance:com.app.theInternetHerokuapp.tests.TestAddRemoveElements@27aae97b]" started-at="2023-05-06T11:19:12 BDT" name="beforeMethod" finished-at="2023-05-06T11:19:15 BDT" duration-ms="3886" status="PASS">
          <reporter-output>
          </reporter-output>
        </test-method> <!-- beforeMethod -->
        <test-method signature="addRemoveElements()[pri:0, instance:com.app.theInternetHerokuapp.tests.TestAddRemoveElements@27aae97b]" started-at="2023-05-06T11:19:15 BDT" name="addRemoveElements" finished-at="2023-05-06T11:19:24 BDT" duration-ms="8440" status="PASS">
          <reporter-output>
          </reporter-output>
        </test-method> <!-- addRemoveElements -->
        <test-method is-config="true" signature="afterTest()[pri:0, instance:com.app.theInternetHerokuapp.tests.TestAddRemoveElements@27aae97b]" started-at="2023-05-06T11:19:24 BDT" name="afterTest" finished-at="2023-05-06T11:19:24 BDT" duration-ms="0" status="PASS">
          <reporter-output>
          </reporter-output>
        </test-method> <!-- afterTest -->
        <test-method is-config="true" signature="afterClass()[pri:0, instance:com.app.theInternetHerokuapp.tests.TestAddRemoveElements@27aae97b]" started-at="2023-05-06T11:19:24 BDT" name="afterClass" finished-at="2023-05-06T11:19:24 BDT" duration-ms="95" status="PASS">
          <reporter-output>
          </reporter-output>
        </test-method> <!-- afterClass -->
      </class> <!-- com.app.theInternetHerokuapp.tests.TestAddRemoveElements -->
      <class name="com.app.theInternetHerokuapp.tests.TestFrames">
        <test-method is-config="true" signature="beforeClass()[pri:0, instance:com.app.theInternetHerokuapp.tests.TestFrames@53093491]" started-at="2023-05-06T11:20:08 BDT" name="beforeClass" finished-at="2023-05-06T11:20:09 BDT" duration-ms="814" status="PASS">
          <reporter-output>
          </reporter-output>
        </test-method> <!-- beforeClass -->
        <test-method is-config="true" signature="beforeMethod()[pri:0, instance:com.app.theInternetHerokuapp.tests.TestFrames@53093491]" started-at="2023-05-06T11:20:09 BDT" name="beforeMethod" finished-at="2023-05-06T11:20:13 BDT" duration-ms="4031" status="PASS">
          <reporter-output>
          </reporter-output>
        </test-method> <!-- beforeMethod -->
        <test-method signature="frames()[pri:1, instance:com.app.theInternetHerokuapp.tests.TestFrames@53093491]" started-at="2023-05-06T11:20:13 BDT" name="frames" finished-at="2023-05-06T11:20:14 BDT" duration-ms="1315" status="PASS">
          <reporter-output>
          </reporter-output>
        </test-method> <!-- frames -->
        <test-method is-config="true" signature="afterTest()[pri:0, instance:com.app.theInternetHerokuapp.tests.TestFrames@53093491]" started-at="2023-05-06T11:20:14 BDT" name="afterTest" finished-at="2023-05-06T11:20:14 BDT" duration-ms="0" status="PASS">
          <reporter-output>
          </reporter-output>
        </test-method> <!-- afterTest -->
        <test-method is-config="true" signature="beforeMethod()[pri:0, instance:com.app.theInternetHerokuapp.tests.TestFrames@53093491]" started-at="2023-05-06T11:20:14 BDT" name="beforeMethod" finished-at="2023-05-06T11:20:16 BDT" duration-ms="2158" status="PASS">
          <reporter-output>
          </reporter-output>
        </test-method> <!-- beforeMethod -->
        <test-method signature="iframe()[pri:2, instance:com.app.theInternetHerokuapp.tests.TestFrames@53093491]" started-at="2023-05-06T11:20:16 BDT" name="iframe" finished-at="2023-05-06T11:20:24 BDT" duration-ms="8369" status="PASS">
          <reporter-output>
          </reporter-output>
        </test-method> <!-- iframe -->
        <test-method is-config="true" signature="afterTest()[pri:0, instance:com.app.theInternetHerokuapp.tests.TestFrames@53093491]" started-at="2023-05-06T11:20:24 BDT" name="afterTest" finished-at="2023-05-06T11:20:24 BDT" duration-ms="0" status="PASS">
          <reporter-output>
          </reporter-output>
        </test-method> <!-- afterTest -->
        <test-method is-config="true" signature="afterClass()[pri:0, instance:com.app.theInternetHerokuapp.tests.TestFrames@53093491]" started-at="2023-05-06T11:20:24 BDT" name="afterClass" finished-at="2023-05-06T11:20:24 BDT" duration-ms="102" status="PASS">
          <reporter-output>
          </reporter-output>
        </test-method> <!-- afterClass -->
      </class> <!-- com.app.theInternetHerokuapp.tests.TestFrames -->
      <class name="com.app.theInternetHerokuapp.tests.TestFloatingMenu">
        <test-method is-config="true" signature="beforeClass()[pri:0, instance:com.app.theInternetHerokuapp.tests.TestFloatingMenu@65cc8228]" started-at="2023-05-06T11:19:51 BDT" name="beforeClass" finished-at="2023-05-06T11:19:52 BDT" duration-ms="823" status="PASS">
          <reporter-output>
          </reporter-output>
        </test-method> <!-- beforeClass -->
        <test-method is-config="true" signature="beforeMethod()[pri:0, instance:com.app.theInternetHerokuapp.tests.TestFloatingMenu@65cc8228]" started-at="2023-05-06T11:19:52 BDT" name="beforeMethod" finished-at="2023-05-06T11:19:56 BDT" duration-ms="4590" status="PASS">
          <reporter-output>
          </reporter-output>
        </test-method> <!-- beforeMethod -->
        <test-method signature="floatingMenu()[pri:0, instance:com.app.theInternetHerokuapp.tests.TestFloatingMenu@65cc8228]" started-at="2023-05-06T11:19:56 BDT" name="floatingMenu" finished-at="2023-05-06T11:20:01 BDT" duration-ms="4691" status="PASS">
          <reporter-output>
          </reporter-output>
        </test-method> <!-- floatingMenu -->
        <test-method is-config="true" signature="afterClass()[pri:0, instance:com.app.theInternetHerokuapp.tests.TestFloatingMenu@65cc8228]" started-at="2023-05-06T11:20:01 BDT" name="afterClass" finished-at="2023-05-06T11:20:01 BDT" duration-ms="103" status="PASS">
          <reporter-output>
          </reporter-output>
        </test-method> <!-- afterClass -->
        <test-method is-config="true" signature="afterTest()[pri:0, instance:com.app.theInternetHerokuapp.tests.TestFloatingMenu@65cc8228]" started-at="2023-05-06T11:20:01 BDT" name="afterTest" finished-at="2023-05-06T11:20:01 BDT" duration-ms="0" status="PASS">
          <reporter-output>
          </reporter-output>
        </test-method> <!-- afterTest -->
      </class> <!-- com.app.theInternetHerokuapp.tests.TestFloatingMenu -->
      <class name="com.app.theInternetHerokuapp.tests.LoginPage.TestLoginValidationWithExcelData">
        <test-method is-config="true" signature="beforeClass()[pri:0, instance:com.app.theInternetHerokuapp.tests.LoginPage.TestLoginValidationWithExcelData@bb095]" started-at="2023-05-06T11:19:02 BDT" name="beforeClass" finished-at="2023-05-06T11:19:04 BDT" duration-ms="2255" status="PASS">
          <reporter-output>
          </reporter-output>
        </test-method> <!-- beforeClass -->
        <test-method is-config="true" signature="beforeMethod()[pri:0, instance:com.app.theInternetHerokuapp.tests.LoginPage.TestLoginValidationWithExcelData@bb095]" started-at="2023-05-06T11:19:04 BDT" name="beforeMethod" finished-at="2023-05-06T11:19:09 BDT" duration-ms="4843" status="PASS">
          <reporter-output>
          </reporter-output>
        </test-method> <!-- beforeMethod -->
        <test-method signature="LoginValidationWithExcelData()[pri:0, instance:com.app.theInternetHerokuapp.tests.LoginPage.TestLoginValidationWithExcelData@bb095]" started-at="2023-05-06T11:19:09 BDT" name="LoginValidationWithExcelData" finished-at="2023-05-06T11:19:11 BDT" duration-ms="1709" status="FAIL">
          <exception class="java.lang.IndexOutOfBoundsException">
            <message>
              <![CDATA[Index 2 out of bounds for length 2]]>
            </message>
            <full-stacktrace>
              <![CDATA[java.lang.IndexOutOfBoundsException: Index 2 out of bounds for length 2
at java.base/jdk.internal.util.Preconditions.outOfBounds(Preconditions.java:64)
at java.base/jdk.internal.util.Preconditions.outOfBoundsCheckIndex(Preconditions.java:70)
at java.base/jdk.internal.util.Preconditions.checkIndex(Preconditions.java:266)
at java.base/java.util.Objects.checkIndex(Objects.java:359)
at java.base/java.util.ArrayList.get(ArrayList.java:427)
at com.app.theInternetHerokuapp.tests.BaseTest.excelToWebInput(BaseTest.java:452)
at com.app.theInternetHerokuapp.tests.LoginPage.TestLoginValidationWithExcelData.LoginValidationWithExcelData(TestLoginValidationWithExcelData.java:26)
at java.base/jdk.internal.reflect.NativeMethodAccessorImpl.invoke0(Native Method)
at java.base/jdk.internal.reflect.NativeMethodAccessorImpl.invoke(NativeMethodAccessorImpl.java:77)
at java.base/jdk.internal.reflect.DelegatingMethodAccessorImpl.invoke(DelegatingMethodAccessorImpl.java:43)
at java.base/java.lang.reflect.Method.invoke(Method.java:568)
at org.testng.internal.invokers.MethodInvocationHelper.invokeMethod(MethodInvocationHelper.java:139)
at org.testng.internal.invokers.TestInvoker.invokeMethod(TestInvoker.java:677)
at org.testng.internal.invokers.TestInvoker.invokeTestMethod(TestInvoker.java:221)
at org.testng.internal.invokers.MethodRunner.runInSequence(MethodRunner.java:50)
at org.testng.internal.invokers.TestInvoker$MethodInvocationAgent.invoke(TestInvoker.java:969)
at org.testng.internal.invokers.TestInvoker.invokeTestMethods(TestInvoker.java:194)
at org.testng.internal.invokers.TestMethodWorker.invokeTestMethods(TestMethodWorker.java:148)
at org.testng.internal.invokers.TestMethodWorker.run(TestMethodWorker.java:128)
at java.base/java.util.concurrent.ThreadPoolExecutor.runWorker(ThreadPoolExecutor.java:1136)
at java.base/java.util.concurrent.ThreadPoolExecutor$Worker.run(ThreadPoolExecutor.java:635)
at java.base/java.lang.Thread.run(Thread.java:833)
]]>
            </full-stacktrace>
          </exception> <!-- java.lang.IndexOutOfBoundsException -->
          <reporter-output>
          </reporter-output>
        </test-method> <!-- LoginValidationWithExcelData -->
        <test-method is-config="true" signature="afterTest()[pri:0, instance:com.app.theInternetHerokuapp.tests.LoginPage.TestLoginValidationWithExcelData@bb095]" started-at="2023-05-06T11:19:11 BDT" name="afterTest" finished-at="2023-05-06T11:19:11 BDT" duration-ms="1" status="PASS">
          <reporter-output>
          </reporter-output>
        </test-method> <!-- afterTest -->
        <test-method is-config="true" signature="afterClass()[pri:0, instance:com.app.theInternetHerokuapp.tests.LoginPage.TestLoginValidationWithExcelData@bb095]" started-at="2023-05-06T11:19:11 BDT" name="afterClass" finished-at="2023-05-06T11:19:11 BDT" duration-ms="101" status="PASS">
          <reporter-output>
          </reporter-output>
        </test-method> <!-- afterClass -->
      </class> <!-- com.app.theInternetHerokuapp.tests.LoginPage.TestLoginValidationWithExcelData -->
      <class name="com.app.theInternetHerokuapp.tests.LoginPage.TestInvalidPassword">
        <test-method is-config="true" signature="beforeClass()[pri:0, instance:com.app.theInternetHerokuapp.tests.LoginPage.TestInvalidPassword@b558294]" started-at="2023-05-06T11:19:02 BDT" name="beforeClass" finished-at="2023-05-06T11:19:04 BDT" duration-ms="2255" status="PASS">
          <reporter-output>
          </reporter-output>
        </test-method> <!-- beforeClass -->
        <test-method is-config="true" signature="beforeMethod()[pri:0, instance:com.app.theInternetHerokuapp.tests.LoginPage.TestInvalidPassword@b558294]" started-at="2023-05-06T11:19:04 BDT" name="beforeMethod" finished-at="2023-05-06T11:19:16 BDT" duration-ms="11974" status="PASS">
          <reporter-output>
          </reporter-output>
        </test-method> <!-- beforeMethod -->
        <test-method signature="invalidPassword()[pri:0, instance:com.app.theInternetHerokuapp.tests.LoginPage.TestInvalidPassword@b558294]" started-at="2023-05-06T11:19:16 BDT" name="invalidPassword" finished-at="2023-05-06T11:19:20 BDT" duration-ms="3681" status="PASS">
          <reporter-output>
          </reporter-output>
        </test-method> <!-- invalidPassword -->
        <test-method is-config="true" signature="afterTest()[pri:0, instance:com.app.theInternetHerokuapp.tests.LoginPage.TestInvalidPassword@b558294]" started-at="2023-05-06T11:19:20 BDT" name="afterTest" finished-at="2023-05-06T11:19:20 BDT" duration-ms="0" status="PASS">
          <reporter-output>
          </reporter-output>
        </test-method> <!-- afterTest -->
        <test-method is-config="true" signature="afterClass()[pri:0, instance:com.app.theInternetHerokuapp.tests.LoginPage.TestInvalidPassword@b558294]" started-at="2023-05-06T11:19:20 BDT" name="afterClass" finished-at="2023-05-06T11:19:20 BDT" duration-ms="138" status="PASS">
          <reporter-output>
          </reporter-output>
        </test-method> <!-- afterClass -->
      </class> <!-- com.app.theInternetHerokuapp.tests.LoginPage.TestInvalidPassword -->
      <class name="com.app.theInternetHerokuapp.tests.TestCheckBoxes">
        <test-method is-config="true" signature="beforeClass()[pri:0, instance:com.app.theInternetHerokuapp.tests.TestCheckBoxes@4bdc8b5d]" started-at="2023-05-06T11:19:24 BDT" name="beforeClass" finished-at="2023-05-06T11:19:25 BDT" duration-ms="831" status="PASS">
          <reporter-output>
          </reporter-output>
        </test-method> <!-- beforeClass -->
        <test-method is-config="true" signature="beforeMethod()[pri:0, instance:com.app.theInternetHerokuapp.tests.TestCheckBoxes@4bdc8b5d]" started-at="2023-05-06T11:19:25 BDT" name="beforeMethod" finished-at="2023-05-06T11:19:29 BDT" duration-ms="4198" status="PASS">
          <reporter-output>
          </reporter-output>
        </test-method> <!-- beforeMethod -->
        <test-method signature="checkBoxes()[pri:0, instance:com.app.theInternetHerokuapp.tests.TestCheckBoxes@4bdc8b5d]" started-at="2023-05-06T11:19:29 BDT" name="checkBoxes" finished-at="2023-05-06T11:19:31 BDT" duration-ms="2375" status="PASS">
          <reporter-output>
          </reporter-output>
        </test-method> <!-- checkBoxes -->
        <test-method is-config="true" signature="afterTest()[pri:0, instance:com.app.theInternetHerokuapp.tests.TestCheckBoxes@4bdc8b5d]" started-at="2023-05-06T11:19:31 BDT" name="afterTest" finished-at="2023-05-06T11:19:31 BDT" duration-ms="0" status="PASS">
          <reporter-output>
          </reporter-output>
        </test-method> <!-- afterTest -->
        <test-method is-config="true" signature="afterClass()[pri:0, instance:com.app.theInternetHerokuapp.tests.TestCheckBoxes@4bdc8b5d]" started-at="2023-05-06T11:19:31 BDT" name="afterClass" finished-at="2023-05-06T11:19:32 BDT" duration-ms="103" status="PASS">
          <reporter-output>
          </reporter-output>
        </test-method> <!-- afterClass -->
      </class> <!-- com.app.theInternetHerokuapp.tests.TestCheckBoxes -->
      <class name="com.app.theInternetHerokuapp.tests.TestABTestingPage">
        <test-method is-config="true" signature="beforeClass()[pri:0, instance:com.app.theInternetHerokuapp.tests.TestABTestingPage@777c350f]" started-at="2023-05-06T11:19:02 BDT" name="beforeClass" finished-at="2023-05-06T11:19:04 BDT" duration-ms="2255" status="PASS">
          <reporter-output>
          </reporter-output>
        </test-method> <!-- beforeClass -->
        <test-method is-config="true" signature="beforeMethod()[pri:0, instance:com.app.theInternetHerokuapp.tests.TestABTestingPage@777c350f]" started-at="2023-05-06T11:19:04 BDT" name="beforeMethod" finished-at="2023-05-06T11:19:23 BDT" duration-ms="18702" status="PASS">
          <reporter-output>
          </reporter-output>
        </test-method> <!-- beforeMethod -->
        <test-method signature="abTesting()[pri:0, instance:com.app.theInternetHerokuapp.tests.TestABTestingPage@777c350f]" started-at="2023-05-06T11:19:23 BDT" name="abTesting" finished-at="2023-05-06T11:19:25 BDT" duration-ms="2345" status="PASS">
          <reporter-output>
          </reporter-output>
        </test-method> <!-- abTesting -->
        <test-method is-config="true" signature="afterTest()[pri:0, instance:com.app.theInternetHerokuapp.tests.TestABTestingPage@777c350f]" started-at="2023-05-06T11:19:25 BDT" name="afterTest" finished-at="2023-05-06T11:19:25 BDT" duration-ms="0" status="PASS">
          <reporter-output>
          </reporter-output>
        </test-method> <!-- afterTest -->
        <test-method is-config="true" signature="afterClass()[pri:0, instance:com.app.theInternetHerokuapp.tests.TestABTestingPage@777c350f]" started-at="2023-05-06T11:19:25 BDT" name="afterClass" finished-at="2023-05-06T11:19:25 BDT" duration-ms="102" status="PASS">
          <reporter-output>
          </reporter-output>
        </test-method> <!-- afterClass -->
      </class> <!-- com.app.theInternetHerokuapp.tests.TestABTestingPage -->
      <class name="com.app.theInternetHerokuapp.tests.TestDynamicLoading">
        <test-method is-config="true" signature="beforeClass()[pri:0, instance:com.app.theInternetHerokuapp.tests.TestDynamicLoading@5467eea4]" started-at="2023-05-06T11:19:38 BDT" name="beforeClass" finished-at="2023-05-06T11:19:39 BDT" duration-ms="830" status="PASS">
          <reporter-output>
          </reporter-output>
        </test-method> <!-- beforeClass -->
        <test-method is-config="true" signature="beforeMethod()[pri:0, instance:com.app.theInternetHerokuapp.tests.TestDynamicLoading@5467eea4]" started-at="2023-05-06T11:19:39 BDT" name="beforeMethod" finished-at="2023-05-06T11:19:43 BDT" duration-ms="4226" status="PASS">
          <reporter-output>
          </reporter-output>
        </test-method> <!-- beforeMethod -->
        <test-method signature="dynamicLoading()[pri:0, instance:com.app.theInternetHerokuapp.tests.TestDynamicLoading@5467eea4]" started-at="2023-05-06T11:19:43 BDT" name="dynamicLoading" finished-at="2023-05-06T11:19:54 BDT" duration-ms="11197" status="PASS">
          <reporter-output>
          </reporter-output>
        </test-method> <!-- dynamicLoading -->
        <test-method is-config="true" signature="afterTest()[pri:0, instance:com.app.theInternetHerokuapp.tests.TestDynamicLoading@5467eea4]" started-at="2023-05-06T11:19:54 BDT" name="afterTest" finished-at="2023-05-06T11:19:54 BDT" duration-ms="0" status="PASS">
          <reporter-output>
          </reporter-output>
        </test-method> <!-- afterTest -->
        <test-method is-config="true" signature="afterClass()[pri:0, instance:com.app.theInternetHerokuapp.tests.TestDynamicLoading@5467eea4]" started-at="2023-05-06T11:19:54 BDT" name="afterClass" finished-at="2023-05-06T11:19:54 BDT" duration-ms="57" status="PASS">
          <reporter-output>
          </reporter-output>
        </test-method> <!-- afterClass -->
      </class> <!-- com.app.theInternetHerokuapp.tests.TestDynamicLoading -->
    </test> <!-- D:/SQA/practices/students2023/zaman/Java/theInternetHerokuap -->
  </suite> <!-- All Test Suite -->
</testng-results>
